<?xml version="1.0" encoding="utf-8"?>
<CoverageSession>
  <Summary numSequencePoints="672" visitedSequencePoints="0" numBranchPoints="200" visitedBranchPoints="0" sequenceCoverage="0" branchCoverage="0" maxCyclomaticComplexity="213" minCyclomaticComplexity="213" visitedClasses="0" numClasses="7" visitedMethods="0" numMethods="38" />
  <Modules>
    <Module hash="D11564A9-E864-4500-8DD9-0AD585967E87">
      <ModulePath>AasCore.Aas3.Package.dll</ModulePath>
      <ModuleTime>2021-05-21T03:12:42</ModuleTime>
      <ModuleName>AasCore.Aas3.Package</ModuleName>
      <Files>
        <File uid="1" fullPath="C:\Users\rist\workspace\aas-core-works\aas-package3-csharp9-dotnet5\src\AasCore.Aas3.Package\Package.cs" />
      </Files>
      <Classes>
        <Class>
          <Summary numSequencePoints="43" visitedSequencePoints="0" numBranchPoints="12" visitedBranchPoints="0" sequenceCoverage="0" branchCoverage="0" maxCyclomaticComplexity="4" minCyclomaticComplexity="4" visitedClasses="0" numClasses="1" visitedMethods="0" numMethods="3" />
          <FullName>AasCore.Aas3.Package.PackageOrException`1</FullName>
          <Methods>
            <Method cyclomaticComplexity="4" nPathComplexity="0" sequenceCoverage="0" branchCoverage="0" isConstructor="False" isGetter="False" isSetter="False" isStatic="True">
              <Summary numSequencePoints="10" visitedSequencePoints="0" numBranchPoints="4" visitedBranchPoints="0" sequenceCoverage="0" branchCoverage="0" maxCyclomaticComplexity="4" minCyclomaticComplexity="4" visitedClasses="0" numClasses="0" visitedMethods="0" numMethods="1" />
              <MetadataToken />
              <Name>TPackage AasCore.Aas3.Package.PackageOrException`1::Must()</Name>
              <FileRef uid="1" />
              <SequencePoints>
                <SequencePoint vc="0" uspid="80" ordinal="0" sl="80" sc="1" el="80" ec="2" bec="0" bev="0" fileid="1" />
                <SequencePoint vc="0" uspid="81" ordinal="1" sl="81" sc="1" el="81" ec="2" bec="2" bev="0" fileid="1" />
                <SequencePoint vc="0" uspid="82" ordinal="2" sl="82" sc="1" el="82" ec="2" bec="0" bev="0" fileid="1" />
                <SequencePoint vc="0" uspid="83" ordinal="3" sl="83" sc="1" el="83" ec="2" bec="0" bev="0" fileid="1" />
                <SequencePoint vc="0" uspid="86" ordinal="4" sl="86" sc="1" el="86" ec="2" bec="2" bev="0" fileid="1" />
                <SequencePoint vc="0" uspid="87" ordinal="5" sl="87" sc="1" el="87" ec="2" bec="0" bev="0" fileid="1" />
                <SequencePoint vc="0" uspid="88" ordinal="6" sl="88" sc="1" el="88" ec="2" bec="0" bev="0" fileid="1" />
                <SequencePoint vc="0" uspid="89" ordinal="7" sl="89" sc="1" el="89" ec="2" bec="0" bev="0" fileid="1" />
                <SequencePoint vc="0" uspid="92" ordinal="8" sl="92" sc="1" el="92" ec="2" bec="0" bev="0" fileid="1" />
                <SequencePoint vc="0" uspid="93" ordinal="9" sl="93" sc="1" el="93" ec="2" bec="0" bev="0" fileid="1" />
              </SequencePoints>
              <BranchPoints>
                <BranchPoint vc="0" uspid="81" ordinal="0" path="0" offset="12" offsetend="14" sl="81" fileid="1" />
                <BranchPoint vc="0" uspid="81" ordinal="1" path="1" offset="12" offsetend="22" sl="81" fileid="1" />
                <BranchPoint vc="0" uspid="86" ordinal="2" path="0" offset="38" offsetend="40" sl="86" fileid="1" />
                <BranchPoint vc="0" uspid="86" ordinal="3" path="1" offset="38" offsetend="52" sl="86" fileid="1" />
              </BranchPoints>
              <MethodPoint vc="0" uspid="0" p8:type="SequencePoint" ordinal="0" offset="0" sc="0" sl="80" ec="1" el="93" bec="0" bev="0" fileid="1" xmlns:p8="xsi" />
            </Method>
            <Method cyclomaticComplexity="4" nPathComplexity="0" sequenceCoverage="0" branchCoverage="0" isConstructor="False" isGetter="False" isSetter="False" isStatic="True">
              <Summary numSequencePoints="11" visitedSequencePoints="0" numBranchPoints="4" visitedBranchPoints="0" sequenceCoverage="0" branchCoverage="0" maxCyclomaticComplexity="4" minCyclomaticComplexity="4" visitedClasses="0" numClasses="0" visitedMethods="0" numMethods="1" />
              <MetadataToken />
              <Name>System.Void AasCore.Aas3.Package.PackageOrException`1::System.IDisposable.Dispose()</Name>
              <FileRef uid="1" />
              <SequencePoints>
                <SequencePoint vc="0" uspid="96" ordinal="0" sl="96" sc="1" el="96" ec="2" bec="0" bev="0" fileid="1" />
                <SequencePoint vc="0" uspid="97" ordinal="1" sl="97" sc="1" el="97" ec="2" bec="2" bev="0" fileid="1" />
                <SequencePoint vc="0" uspid="98" ordinal="2" sl="98" sc="1" el="98" ec="2" bec="0" bev="0" fileid="1" />
                <SequencePoint vc="0" uspid="99" ordinal="3" sl="99" sc="1" el="99" ec="2" bec="2" bev="0" fileid="1" />
                <SequencePoint vc="0" uspid="100" ordinal="4" sl="100" sc="1" el="100" ec="2" bec="0" bev="0" fileid="1" />
                <SequencePoint vc="0" uspid="101" ordinal="5" sl="101" sc="1" el="101" ec="2" bec="0" bev="0" fileid="1" />
                <SequencePoint vc="0" uspid="102" ordinal="6" sl="102" sc="1" el="102" ec="2" bec="0" bev="0" fileid="1" />
                <SequencePoint vc="0" uspid="104" ordinal="7" sl="104" sc="1" el="104" ec="2" bec="0" bev="0" fileid="1" />
                <SequencePoint vc="0" uspid="105" ordinal="8" sl="105" sc="1" el="105" ec="2" bec="0" bev="0" fileid="1" />
                <SequencePoint vc="0" uspid="107" ordinal="9" sl="107" sc="1" el="107" ec="2" bec="0" bev="0" fileid="1" />
                <SequencePoint vc="0" uspid="108" ordinal="10" sl="108" sc="1" el="108" ec="2" bec="0" bev="0" fileid="1" />
              </SequencePoints>
              <BranchPoints>
                <BranchPoint vc="0" uspid="97" ordinal="0" path="0" offset="12" offsetend="14" sl="97" fileid="1" />
                <BranchPoint vc="0" uspid="99" ordinal="2" path="0" offset="31" offsetend="33" sl="99" fileid="1" />
                <BranchPoint vc="0" uspid="99" ordinal="3" path="1" offset="31" offsetend="52" sl="99" fileid="1" />
                <BranchPoint vc="0" uspid="97" ordinal="1" path="1" offset="12" offsetend="60" sl="97" fileid="1" />
              </BranchPoints>
              <MethodPoint vc="0" uspid="0" p8:type="SequencePoint" ordinal="1" offset="1" sc="0" sl="96" ec="1" el="108" bec="0" bev="0" fileid="1" xmlns:p8="xsi" />
            </Method>
            <Method cyclomaticComplexity="4" nPathComplexity="0" sequenceCoverage="0" branchCoverage="0" isConstructor="True" isGetter="False" isSetter="False" isStatic="True">
              <Summary numSequencePoints="22" visitedSequencePoints="0" numBranchPoints="4" visitedBranchPoints="0" sequenceCoverage="0" branchCoverage="0" maxCyclomaticComplexity="4" minCyclomaticComplexity="4" visitedClasses="0" numClasses="0" visitedMethods="0" numMethods="1" />
              <MetadataToken />
              <Name>System.Void AasCore.Aas3.Package.PackageOrException`1::.ctor(TPackage,System.Exception)</Name>
              <FileRef uid="1" />
              <SequencePoints>
                <SequencePoint vc="0" uspid="48" ordinal="0" sl="48" sc="1" el="48" ec="2" bec="0" bev="0" fileid="1" />
                <SequencePoint vc="0" uspid="49" ordinal="1" sl="49" sc="1" el="49" ec="2" bec="0" bev="0" fileid="1" />
                <SequencePoint vc="0" uspid="50" ordinal="2" sl="50" sc="1" el="50" ec="2" bec="0" bev="0" fileid="1" />
                <SequencePoint vc="0" uspid="51" ordinal="3" sl="51" sc="1" el="51" ec="2" bec="0" bev="0" fileid="1" />
                <SequencePoint vc="0" uspid="53" ordinal="4" sl="53" sc="1" el="53" ec="2" bec="0" bev="0" fileid="1" />
                <SequencePoint vc="0" uspid="54" ordinal="5" sl="54" sc="1" el="54" ec="2" bec="2" bev="0" fileid="1" />
                <SequencePoint vc="0" uspid="55" ordinal="6" sl="55" sc="1" el="55" ec="2" bec="0" bev="0" fileid="1" />
                <SequencePoint vc="0" uspid="56" ordinal="7" sl="56" sc="1" el="56" ec="2" bec="0" bev="0" fileid="1" />
                <SequencePoint vc="0" uspid="57" ordinal="8" sl="57" sc="1" el="57" ec="2" bec="0" bev="0" fileid="1" />
                <SequencePoint vc="0" uspid="58" ordinal="9" sl="58" sc="1" el="58" ec="2" bec="0" bev="0" fileid="1" />
                <SequencePoint vc="0" uspid="59" ordinal="10" sl="59" sc="1" el="59" ec="2" bec="0" bev="0" fileid="1" />
                <SequencePoint vc="0" uspid="62" ordinal="11" sl="62" sc="1" el="62" ec="2" bec="0" bev="0" fileid="1" />
                <SequencePoint vc="0" uspid="63" ordinal="12" sl="63" sc="1" el="63" ec="2" bec="0" bev="0" fileid="1" />
                <SequencePoint vc="0" uspid="64" ordinal="13" sl="64" sc="1" el="64" ec="2" bec="0" bev="0" fileid="1" />
                <SequencePoint vc="0" uspid="65" ordinal="14" sl="65" sc="1" el="65" ec="2" bec="0" bev="0" fileid="1" />
                <SequencePoint vc="0" uspid="66" ordinal="15" sl="66" sc="1" el="66" ec="2" bec="0" bev="0" fileid="1" />
                <SequencePoint vc="0" uspid="67" ordinal="16" sl="67" sc="1" el="67" ec="2" bec="2" bev="0" fileid="1" />
                <SequencePoint vc="0" uspid="68" ordinal="17" sl="68" sc="1" el="68" ec="2" bec="0" bev="0" fileid="1" />
                <SequencePoint vc="0" uspid="69" ordinal="18" sl="69" sc="1" el="69" ec="2" bec="0" bev="0" fileid="1" />
                <SequencePoint vc="0" uspid="70" ordinal="19" sl="70" sc="1" el="70" ec="2" bec="0" bev="0" fileid="1" />
                <SequencePoint vc="0" uspid="72" ordinal="20" sl="72" sc="1" el="72" ec="2" bec="0" bev="0" fileid="1" />
                <SequencePoint vc="0" uspid="74" ordinal="21" sl="74" sc="1" el="74" ec="2" bec="0" bev="0" fileid="1" />
              </SequencePoints>
              <BranchPoints>
                <BranchPoint vc="0" uspid="54" ordinal="0" path="0" offset="26" offsetend="28" sl="54" fileid="1" />
                <BranchPoint vc="0" uspid="54" ordinal="1" path="1" offset="26" offsetend="82" sl="54" fileid="1" />
                <BranchPoint vc="0" uspid="67" ordinal="2" path="0" offset="117" offsetend="119" sl="67" fileid="1" />
                <BranchPoint vc="0" uspid="67" ordinal="3" path="1" offset="117" offsetend="138" sl="67" fileid="1" />
              </BranchPoints>
              <MethodPoint vc="0" uspid="0" p8:type="SequencePoint" ordinal="2" offset="2" sc="0" sl="48" ec="1" el="74" bec="0" bev="0" fileid="1" xmlns:p8="xsi" />
            </Method>
          </Methods>
        </Class>
        <Class>
          <Summary numSequencePoints="24" visitedSequencePoints="0" numBranchPoints="0" visitedBranchPoints="0" sequenceCoverage="0" branchCoverage="100" maxCyclomaticComplexity="1" minCyclomaticComplexity="1" visitedClasses="0" numClasses="1" visitedMethods="0" numMethods="7" />
          <FullName>AasCore.Aas3.Package.Part</FullName>
          <Methods>
            <Method cyclomaticComplexity="1" nPathComplexity="0" sequenceCoverage="0" branchCoverage="100" isConstructor="False" isGetter="True" isSetter="False" isStatic="True">
              <Summary numSequencePoints="1" visitedSequencePoints="0" numBranchPoints="0" visitedBranchPoints="0" sequenceCoverage="0" branchCoverage="100" maxCyclomaticComplexity="1" minCyclomaticComplexity="1" visitedClasses="0" numClasses="0" visitedMethods="0" numMethods="1" />
              <MetadataToken />
              <Name>System.Uri AasCore.Aas3.Package.Part::get_Uri()</Name>
              <FileRef uid="1" />
              <SequencePoints>
                <SequencePoint vc="0" uspid="116" ordinal="0" sl="116" sc="1" el="116" ec="2" bec="0" bev="0" fileid="1" />
              </SequencePoints>
              <BranchPoints />
              <MethodPoint vc="0" uspid="0" p8:type="SequencePoint" ordinal="0" offset="0" sc="0" sl="116" ec="1" el="116" bec="0" bev="0" fileid="1" xmlns:p8="xsi" />
            </Method>
            <Method cyclomaticComplexity="1" nPathComplexity="0" sequenceCoverage="0" branchCoverage="100" isConstructor="False" isGetter="True" isSetter="False" isStatic="True">
              <Summary numSequencePoints="1" visitedSequencePoints="0" numBranchPoints="0" visitedBranchPoints="0" sequenceCoverage="0" branchCoverage="100" maxCyclomaticComplexity="1" minCyclomaticComplexity="1" visitedClasses="0" numClasses="0" visitedMethods="0" numMethods="1" />
              <MetadataToken />
              <Name>System.String AasCore.Aas3.Package.Part::get_ContentType()</Name>
              <FileRef uid="1" />
              <SequencePoints>
                <SequencePoint vc="0" uspid="128" ordinal="0" sl="128" sc="1" el="128" ec="2" bec="0" bev="0" fileid="1" />
              </SequencePoints>
              <BranchPoints />
              <MethodPoint vc="0" uspid="0" p8:type="SequencePoint" ordinal="1" offset="1" sc="0" sl="128" ec="1" el="128" bec="0" bev="0" fileid="1" xmlns:p8="xsi" />
            </Method>
            <Method cyclomaticComplexity="1" nPathComplexity="0" sequenceCoverage="0" branchCoverage="100" isConstructor="False" isGetter="False" isSetter="False" isStatic="True">
              <Summary numSequencePoints="3" visitedSequencePoints="0" numBranchPoints="0" visitedBranchPoints="0" sequenceCoverage="0" branchCoverage="100" maxCyclomaticComplexity="1" minCyclomaticComplexity="1" visitedClasses="0" numClasses="0" visitedMethods="0" numMethods="1" />
              <MetadataToken />
              <Name>System.IO.Stream AasCore.Aas3.Package.Part::Stream()</Name>
              <FileRef uid="1" />
              <SequencePoints>
                <SequencePoint vc="0" uspid="138" ordinal="0" sl="138" sc="1" el="138" ec="2" bec="0" bev="0" fileid="1" />
                <SequencePoint vc="0" uspid="139" ordinal="1" sl="139" sc="1" el="139" ec="2" bec="0" bev="0" fileid="1" />
                <SequencePoint vc="0" uspid="140" ordinal="2" sl="140" sc="1" el="140" ec="2" bec="0" bev="0" fileid="1" />
              </SequencePoints>
              <BranchPoints />
              <MethodPoint vc="0" uspid="0" p8:type="SequencePoint" ordinal="2" offset="2" sc="0" sl="138" ec="1" el="140" bec="0" bev="0" fileid="1" xmlns:p8="xsi" />
            </Method>
            <Method cyclomaticComplexity="1" nPathComplexity="0" sequenceCoverage="0" branchCoverage="100" isConstructor="False" isGetter="False" isSetter="False" isStatic="True">
              <Summary numSequencePoints="6" visitedSequencePoints="0" numBranchPoints="0" visitedBranchPoints="0" sequenceCoverage="0" branchCoverage="100" maxCyclomaticComplexity="1" minCyclomaticComplexity="1" visitedClasses="0" numClasses="0" visitedMethods="0" numMethods="1" />
              <MetadataToken />
              <Name>System.Byte[] AasCore.Aas3.Package.Part::ReadAllBytes()</Name>
              <FileRef uid="1" />
              <SequencePoints>
                <SequencePoint vc="0" uspid="146" ordinal="0" sl="146" sc="1" el="146" ec="2" bec="0" bev="0" fileid="1" />
                <SequencePoint vc="0" uspid="147" ordinal="1" sl="147" sc="1" el="147" ec="2" bec="0" bev="0" fileid="1" />
                <SequencePoint vc="0" uspid="148" ordinal="2" sl="148" sc="1" el="148" ec="2" bec="0" bev="0" fileid="1" />
                <SequencePoint vc="0" uspid="149" ordinal="3" sl="149" sc="1" el="149" ec="2" bec="0" bev="0" fileid="1" />
                <SequencePoint vc="0" uspid="150" ordinal="4" sl="150" sc="1" el="150" ec="2" bec="0" bev="0" fileid="1" />
                <SequencePoint vc="0" uspid="151" ordinal="5" sl="151" sc="1" el="151" ec="2" bec="0" bev="0" fileid="1" />
              </SequencePoints>
              <BranchPoints />
              <MethodPoint vc="0" uspid="0" p8:type="SequencePoint" ordinal="3" offset="3" sc="0" sl="146" ec="1" el="151" bec="0" bev="0" fileid="1" xmlns:p8="xsi" />
            </Method>
            <Method cyclomaticComplexity="1" nPathComplexity="0" sequenceCoverage="0" branchCoverage="100" isConstructor="False" isGetter="False" isSetter="False" isStatic="True">
              <Summary numSequencePoints="3" visitedSequencePoints="0" numBranchPoints="0" visitedBranchPoints="0" sequenceCoverage="0" branchCoverage="100" maxCyclomaticComplexity="1" minCyclomaticComplexity="1" visitedClasses="0" numClasses="0" visitedMethods="0" numMethods="1" />
              <MetadataToken />
              <Name>System.String AasCore.Aas3.Package.Part::ReadAllText()</Name>
              <FileRef uid="1" />
              <SequencePoints>
                <SequencePoint vc="0" uspid="157" ordinal="0" sl="157" sc="1" el="157" ec="2" bec="0" bev="0" fileid="1" />
                <SequencePoint vc="0" uspid="158" ordinal="1" sl="158" sc="1" el="158" ec="2" bec="0" bev="0" fileid="1" />
                <SequencePoint vc="0" uspid="159" ordinal="2" sl="159" sc="1" el="159" ec="2" bec="0" bev="0" fileid="1" />
              </SequencePoints>
              <BranchPoints />
              <MethodPoint vc="0" uspid="0" p8:type="SequencePoint" ordinal="4" offset="4" sc="0" sl="157" ec="1" el="159" bec="0" bev="0" fileid="1" xmlns:p8="xsi" />
            </Method>
            <Method cyclomaticComplexity="1" nPathComplexity="0" sequenceCoverage="0" branchCoverage="100" isConstructor="False" isGetter="False" isSetter="False" isStatic="True">
              <Summary numSequencePoints="5" visitedSequencePoints="0" numBranchPoints="0" visitedBranchPoints="0" sequenceCoverage="0" branchCoverage="100" maxCyclomaticComplexity="1" minCyclomaticComplexity="1" visitedClasses="0" numClasses="0" visitedMethods="0" numMethods="1" />
              <MetadataToken />
              <Name>System.String AasCore.Aas3.Package.Part::ReadAllText(System.Text.Encoding)</Name>
              <FileRef uid="1" />
              <SequencePoints>
                <SequencePoint vc="0" uspid="169" ordinal="0" sl="169" sc="1" el="169" ec="2" bec="0" bev="0" fileid="1" />
                <SequencePoint vc="0" uspid="170" ordinal="1" sl="170" sc="1" el="170" ec="2" bec="0" bev="0" fileid="1" />
                <SequencePoint vc="0" uspid="171" ordinal="2" sl="171" sc="1" el="171" ec="2" bec="0" bev="0" fileid="1" />
                <SequencePoint vc="0" uspid="172" ordinal="3" sl="172" sc="1" el="172" ec="2" bec="0" bev="0" fileid="1" />
                <SequencePoint vc="0" uspid="173" ordinal="4" sl="173" sc="1" el="173" ec="2" bec="0" bev="0" fileid="1" />
              </SequencePoints>
              <BranchPoints />
              <MethodPoint vc="0" uspid="0" p8:type="SequencePoint" ordinal="5" offset="5" sc="0" sl="169" ec="1" el="173" bec="0" bev="0" fileid="1" xmlns:p8="xsi" />
            </Method>
            <Method cyclomaticComplexity="1" nPathComplexity="0" sequenceCoverage="0" branchCoverage="100" isConstructor="True" isGetter="False" isSetter="False" isStatic="True">
              <Summary numSequencePoints="5" visitedSequencePoints="0" numBranchPoints="0" visitedBranchPoints="0" sequenceCoverage="0" branchCoverage="100" maxCyclomaticComplexity="1" minCyclomaticComplexity="1" visitedClasses="0" numClasses="0" visitedMethods="0" numMethods="1" />
              <MetadataToken />
              <Name>System.Void AasCore.Aas3.Package.Part::.ctor(System.Uri,System.IO.Packaging.PackagePart)</Name>
              <FileRef uid="1" />
              <SequencePoints>
                <SequencePoint vc="0" uspid="119" ordinal="0" sl="119" sc="1" el="119" ec="2" bec="0" bev="0" fileid="1" />
                <SequencePoint vc="0" uspid="120" ordinal="1" sl="120" sc="1" el="120" ec="2" bec="0" bev="0" fileid="1" />
                <SequencePoint vc="0" uspid="121" ordinal="2" sl="121" sc="1" el="121" ec="2" bec="0" bev="0" fileid="1" />
                <SequencePoint vc="0" uspid="122" ordinal="3" sl="122" sc="1" el="122" ec="2" bec="0" bev="0" fileid="1" />
                <SequencePoint vc="0" uspid="123" ordinal="4" sl="123" sc="1" el="123" ec="2" bec="0" bev="0" fileid="1" />
              </SequencePoints>
              <BranchPoints />
              <MethodPoint vc="0" uspid="0" p8:type="SequencePoint" ordinal="6" offset="6" sc="0" sl="119" ec="1" el="123" bec="0" bev="0" fileid="1" xmlns:p8="xsi" />
            </Method>
          </Methods>
        </Class>
        <Class>
          <Summary numSequencePoints="224" visitedSequencePoints="0" numBranchPoints="58" visitedBranchPoints="0" sequenceCoverage="0" branchCoverage="0" maxCyclomaticComplexity="12" minCyclomaticComplexity="1" visitedClasses="0" numClasses="1" visitedMethods="0" numMethods="8" />
          <FullName>AasCore.Aas3.Package.Packaging</FullName>
          <Methods>
            <Method cyclomaticComplexity="2" nPathComplexity="0" sequenceCoverage="0" branchCoverage="0" isConstructor="False" isGetter="False" isSetter="False" isStatic="True">
              <Summary numSequencePoints="15" visitedSequencePoints="0" numBranchPoints="2" visitedBranchPoints="0" sequenceCoverage="0" branchCoverage="0" maxCyclomaticComplexity="2" minCyclomaticComplexity="2" visitedClasses="0" numClasses="0" visitedMethods="0" numMethods="1" />
              <MetadataToken />
              <Name>AasCore.Aas3.Package.PackageReadWrite AasCore.Aas3.Package.Packaging::Create(System.String)</Name>
              <FileRef uid="1" />
              <SequencePoints>
                <SequencePoint vc="0" uspid="200" ordinal="0" sl="200" sc="1" el="200" ec="2" bec="0" bev="0" fileid="1" />
                <SequencePoint vc="0" uspid="206" ordinal="1" sl="206" sc="1" el="206" ec="2" bec="0" bev="0" fileid="1" />
                <SequencePoint vc="0" uspid="209" ordinal="2" sl="209" sc="1" el="209" ec="2" bec="0" bev="0" fileid="1" />
                <SequencePoint vc="0" uspid="210" ordinal="3" sl="210" sc="1" el="210" ec="2" bec="0" bev="0" fileid="1" />
                <SequencePoint vc="0" uspid="211" ordinal="4" sl="211" sc="1" el="211" ec="2" bec="0" bev="0" fileid="1" />
                <SequencePoint vc="0" uspid="212" ordinal="5" sl="212" sc="1" el="212" ec="2" bec="0" bev="0" fileid="1" />
                <SequencePoint vc="0" uspid="214" ordinal="6" sl="214" sc="1" el="214" ec="2" bec="0" bev="0" fileid="1" />
                <SequencePoint vc="0" uspid="216" ordinal="7" sl="216" sc="1" el="216" ec="2" bec="0" bev="0" fileid="1" />
                <SequencePoint vc="0" uspid="217" ordinal="8" sl="217" sc="1" el="217" ec="2" bec="0" bev="0" fileid="1" />
                <SequencePoint vc="0" uspid="218" ordinal="9" sl="218" sc="1" el="218" ec="2" bec="2" bev="0" fileid="1" />
                <SequencePoint vc="0" uspid="219" ordinal="10" sl="219" sc="1" el="219" ec="2" bec="0" bev="0" fileid="1" />
                <SequencePoint vc="0" uspid="220" ordinal="11" sl="220" sc="1" el="220" ec="2" bec="0" bev="0" fileid="1" />
                <SequencePoint vc="0" uspid="221" ordinal="12" sl="221" sc="1" el="221" ec="2" bec="0" bev="0" fileid="1" />
                <SequencePoint vc="0" uspid="223" ordinal="13" sl="223" sc="1" el="223" ec="2" bec="0" bev="0" fileid="1" />
                <SequencePoint vc="0" uspid="225" ordinal="14" sl="225" sc="1" el="225" ec="2" bec="0" bev="0" fileid="1" />
              </SequencePoints>
              <BranchPoints>
                <BranchPoint vc="0" uspid="218" ordinal="1" path="1" offset="80" offsetend="50" sl="218" fileid="1" />
                <BranchPoint vc="0" uspid="218" ordinal="0" path="0" offset="80" offsetend="82" sl="218" fileid="1" />
              </BranchPoints>
              <MethodPoint vc="0" uspid="0" p8:type="SequencePoint" ordinal="0" offset="0" sc="0" sl="200" ec="1" el="225" bec="0" bev="0" fileid="1" xmlns:p8="xsi" />
            </Method>
            <Method cyclomaticComplexity="2" nPathComplexity="0" sequenceCoverage="0" branchCoverage="0" isConstructor="False" isGetter="False" isSetter="False" isStatic="True">
              <Summary numSequencePoints="15" visitedSequencePoints="0" numBranchPoints="2" visitedBranchPoints="0" sequenceCoverage="0" branchCoverage="0" maxCyclomaticComplexity="2" minCyclomaticComplexity="2" visitedClasses="0" numClasses="0" visitedMethods="0" numMethods="1" />
              <MetadataToken />
              <Name>AasCore.Aas3.Package.PackageReadWrite AasCore.Aas3.Package.Packaging::Create(System.IO.Stream)</Name>
              <FileRef uid="1" />
              <SequencePoints>
                <SequencePoint vc="0" uspid="233" ordinal="0" sl="233" sc="1" el="233" ec="2" bec="0" bev="0" fileid="1" />
                <SequencePoint vc="0" uspid="239" ordinal="1" sl="239" sc="1" el="239" ec="2" bec="0" bev="0" fileid="1" />
                <SequencePoint vc="0" uspid="242" ordinal="2" sl="242" sc="1" el="242" ec="2" bec="0" bev="0" fileid="1" />
                <SequencePoint vc="0" uspid="243" ordinal="3" sl="243" sc="1" el="243" ec="2" bec="0" bev="0" fileid="1" />
                <SequencePoint vc="0" uspid="244" ordinal="4" sl="244" sc="1" el="244" ec="2" bec="0" bev="0" fileid="1" />
                <SequencePoint vc="0" uspid="245" ordinal="5" sl="245" sc="1" el="245" ec="2" bec="0" bev="0" fileid="1" />
                <SequencePoint vc="0" uspid="247" ordinal="6" sl="247" sc="1" el="247" ec="2" bec="0" bev="0" fileid="1" />
                <SequencePoint vc="0" uspid="249" ordinal="7" sl="249" sc="1" el="249" ec="2" bec="0" bev="0" fileid="1" />
                <SequencePoint vc="0" uspid="250" ordinal="8" sl="250" sc="1" el="250" ec="2" bec="0" bev="0" fileid="1" />
                <SequencePoint vc="0" uspid="251" ordinal="9" sl="251" sc="1" el="251" ec="2" bec="2" bev="0" fileid="1" />
                <SequencePoint vc="0" uspid="252" ordinal="10" sl="252" sc="1" el="252" ec="2" bec="0" bev="0" fileid="1" />
                <SequencePoint vc="0" uspid="253" ordinal="11" sl="253" sc="1" el="253" ec="2" bec="0" bev="0" fileid="1" />
                <SequencePoint vc="0" uspid="254" ordinal="12" sl="254" sc="1" el="254" ec="2" bec="0" bev="0" fileid="1" />
                <SequencePoint vc="0" uspid="256" ordinal="13" sl="256" sc="1" el="256" ec="2" bec="0" bev="0" fileid="1" />
                <SequencePoint vc="0" uspid="258" ordinal="14" sl="258" sc="1" el="258" ec="2" bec="0" bev="0" fileid="1" />
              </SequencePoints>
              <BranchPoints>
                <BranchPoint vc="0" uspid="251" ordinal="1" path="1" offset="80" offsetend="50" sl="251" fileid="1" />
                <BranchPoint vc="0" uspid="251" ordinal="0" path="0" offset="80" offsetend="82" sl="251" fileid="1" />
              </BranchPoints>
              <MethodPoint vc="0" uspid="0" p8:type="SequencePoint" ordinal="1" offset="1" sc="0" sl="233" ec="1" el="258" bec="0" bev="0" fileid="1" xmlns:p8="xsi" />
            </Method>
            <Method cyclomaticComplexity="1" nPathComplexity="0" sequenceCoverage="0" branchCoverage="100" isConstructor="False" isGetter="False" isSetter="False" isStatic="True">
              <Summary numSequencePoints="9" visitedSequencePoints="0" numBranchPoints="0" visitedBranchPoints="0" sequenceCoverage="0" branchCoverage="100" maxCyclomaticComplexity="1" minCyclomaticComplexity="1" visitedClasses="0" numClasses="0" visitedMethods="0" numMethods="1" />
              <MetadataToken />
              <Name>System.IO.Packaging.PackagePart AasCore.Aas3.Package.Packaging::FindOriginPart(System.IO.Packaging.Package)</Name>
              <FileRef uid="1" />
              <SequencePoints>
                <SequencePoint vc="0" uspid="261" ordinal="0" sl="261" sc="1" el="261" ec="2" bec="0" bev="0" fileid="1" />
                <SequencePoint vc="0" uspid="262" ordinal="1" sl="262" sc="1" el="262" ec="2" bec="0" bev="0" fileid="1" />
                <SequencePoint vc="0" uspid="263" ordinal="2" sl="263" sc="1" el="263" ec="2" bec="0" bev="0" fileid="1" />
                <SequencePoint vc="0" uspid="265" ordinal="3" sl="265" sc="1" el="265" ec="2" bec="0" bev="0" fileid="1" />
                <SequencePoint vc="0" uspid="266" ordinal="4" sl="266" sc="1" el="266" ec="2" bec="0" bev="0" fileid="1" />
                <SequencePoint vc="0" uspid="267" ordinal="5" sl="267" sc="1" el="267" ec="2" bec="0" bev="0" fileid="1" />
                <SequencePoint vc="0" uspid="268" ordinal="6" sl="268" sc="1" el="268" ec="2" bec="0" bev="0" fileid="1" />
                <SequencePoint vc="0" uspid="269" ordinal="7" sl="269" sc="1" el="269" ec="2" bec="0" bev="0" fileid="1" />
                <SequencePoint vc="0" uspid="270" ordinal="8" sl="270" sc="1" el="270" ec="2" bec="0" bev="0" fileid="1" />
              </SequencePoints>
              <BranchPoints />
              <MethodPoint vc="0" uspid="0" p8:type="SequencePoint" ordinal="2" offset="2" sc="0" sl="261" ec="1" el="270" bec="0" bev="0" fileid="1" xmlns:p8="xsi" />
            </Method>
            <Method cyclomaticComplexity="12" nPathComplexity="0" sequenceCoverage="0" branchCoverage="0" isConstructor="False" isGetter="False" isSetter="False" isStatic="True">
              <Summary numSequencePoints="40" visitedSequencePoints="0" numBranchPoints="12" visitedBranchPoints="0" sequenceCoverage="0" branchCoverage="0" maxCyclomaticComplexity="12" minCyclomaticComplexity="12" visitedClasses="0" numClasses="0" visitedMethods="0" numMethods="1" />
              <MetadataToken />
              <Name>AasCore.Aas3.Package.PackageOrException`1&lt;AasCore.Aas3.Package.PackageRead&gt; AasCore.Aas3.Package.Packaging::OpenRead(System.String)</Name>
              <FileRef uid="1" />
              <SequencePoints>
                <SequencePoint vc="0" uspid="295" ordinal="0" sl="295" sc="1" el="295" ec="2" bec="0" bev="0" fileid="1" />
                <SequencePoint vc="0" uspid="301" ordinal="1" sl="301" sc="1" el="301" ec="2" bec="0" bev="0" fileid="1" />
                <SequencePoint vc="0" uspid="306" ordinal="2" sl="306" sc="1" el="306" ec="2" bec="0" bev="0" fileid="1" />
                <SequencePoint vc="0" uspid="311" ordinal="3" sl="311" sc="1" el="311" ec="2" bec="0" bev="0" fileid="1" />
                <SequencePoint vc="0" uspid="312" ordinal="4" sl="312" sc="1" el="312" ec="2" bec="0" bev="0" fileid="1" />
                <SequencePoint vc="0" uspid="314" ordinal="5" sl="314" sc="1" el="314" ec="2" bec="0" bev="0" fileid="1" />
                <SequencePoint vc="0" uspid="315" ordinal="6" sl="315" sc="1" el="315" ec="2" bec="0" bev="0" fileid="1" />
                <SequencePoint vc="0" uspid="317" ordinal="7" sl="317" sc="1" el="317" ec="2" bec="0" bev="0" fileid="1" />
                <SequencePoint vc="0" uspid="318" ordinal="8" sl="318" sc="1" el="318" ec="2" bec="2" bev="0" fileid="1" />
                <SequencePoint vc="0" uspid="319" ordinal="9" sl="319" sc="1" el="319" ec="2" bec="0" bev="0" fileid="1" />
                <SequencePoint vc="0" uspid="320" ordinal="10" sl="320" sc="1" el="320" ec="2" bec="0" bev="0" fileid="1" />
                <SequencePoint vc="0" uspid="321" ordinal="11" sl="321" sc="1" el="321" ec="2" bec="0" bev="0" fileid="1" />
                <SequencePoint vc="0" uspid="322" ordinal="12" sl="322" sc="1" el="322" ec="2" bec="0" bev="0" fileid="1" />
                <SequencePoint vc="0" uspid="323" ordinal="13" sl="323" sc="1" el="323" ec="2" bec="0" bev="0" fileid="1" />
                <SequencePoint vc="0" uspid="325" ordinal="14" sl="325" sc="1" el="325" ec="2" bec="0" bev="0" fileid="1" />
                <SequencePoint vc="0" uspid="326" ordinal="15" sl="326" sc="1" el="326" ec="2" bec="0" bev="0" fileid="1" />
                <SequencePoint vc="0" uspid="327" ordinal="16" sl="327" sc="1" el="327" ec="2" bec="0" bev="0" fileid="1" />
                <SequencePoint vc="0" uspid="328" ordinal="17" sl="328" sc="1" el="328" ec="2" bec="0" bev="0" fileid="1" />
                <SequencePoint vc="0" uspid="329" ordinal="18" sl="329" sc="1" el="329" ec="2" bec="0" bev="0" fileid="1" />
                <SequencePoint vc="0" uspid="330" ordinal="19" sl="330" sc="1" el="330" ec="2" bec="0" bev="0" fileid="1" />
                <SequencePoint vc="0" uspid="331" ordinal="20" sl="331" sc="1" el="331" ec="2" bec="0" bev="0" fileid="1" />
                <SequencePoint vc="0" uspid="332" ordinal="21" sl="332" sc="1" el="332" ec="2" bec="0" bev="0" fileid="1" />
                <SequencePoint vc="0" uspid="333" ordinal="22" sl="333" sc="1" el="333" ec="2" bec="0" bev="0" fileid="1" />
                <SequencePoint vc="0" uspid="334" ordinal="23" sl="334" sc="1" el="334" ec="2" bec="0" bev="0" fileid="1" />
                <SequencePoint vc="0" uspid="336" ordinal="24" sl="336" sc="1" el="336" ec="2" bec="2" bev="0" fileid="1" />
                <SequencePoint vc="0" uspid="337" ordinal="25" sl="337" sc="1" el="337" ec="2" bec="0" bev="0" fileid="1" />
                <SequencePoint vc="0" uspid="338" ordinal="26" sl="338" sc="1" el="338" ec="2" bec="0" bev="0" fileid="1" />
                <SequencePoint vc="0" uspid="343" ordinal="27" sl="343" sc="1" el="343" ec="2" bec="2" bev="0" fileid="1" />
                <SequencePoint vc="0" uspid="344" ordinal="28" sl="344" sc="1" el="344" ec="2" bec="0" bev="0" fileid="1" />
                <SequencePoint vc="0" uspid="345" ordinal="29" sl="345" sc="1" el="345" ec="2" bec="2" bev="0" fileid="1" />
                <SequencePoint vc="0" uspid="346" ordinal="30" sl="346" sc="1" el="346" ec="2" bec="0" bev="0" fileid="1" />
                <SequencePoint vc="0" uspid="347" ordinal="31" sl="347" sc="1" el="347" ec="2" bec="0" bev="0" fileid="1" />
                <SequencePoint vc="0" uspid="348" ordinal="32" sl="348" sc="1" el="348" ec="2" bec="0" bev="0" fileid="1" />
                <SequencePoint vc="0" uspid="349" ordinal="33" sl="349" sc="1" el="349" ec="2" bec="0" bev="0" fileid="1" />
                <SequencePoint vc="0" uspid="355" ordinal="34" sl="355" sc="1" el="355" ec="2" bec="4" bev="0" fileid="1" />
                <SequencePoint vc="0" uspid="356" ordinal="35" sl="356" sc="1" el="356" ec="2" bec="0" bev="0" fileid="1" />
                <SequencePoint vc="0" uspid="357" ordinal="36" sl="357" sc="1" el="357" ec="2" bec="0" bev="0" fileid="1" />
                <SequencePoint vc="0" uspid="358" ordinal="37" sl="358" sc="1" el="358" ec="2" bec="0" bev="0" fileid="1" />
                <SequencePoint vc="0" uspid="365" ordinal="38" sl="365" sc="1" el="365" ec="2" bec="0" bev="0" fileid="1" />
                <SequencePoint vc="0" uspid="366" ordinal="39" sl="366" sc="1" el="366" ec="2" bec="0" bev="0" fileid="1" />
              </SequencePoints>
              <BranchPoints>
                <BranchPoint vc="0" uspid="318" ordinal="0" path="0" offset="58" offsetend="60" sl="318" fileid="1" />
                <BranchPoint vc="0" uspid="318" ordinal="1" path="1" offset="58" offsetend="81" sl="318" fileid="1" />
                <BranchPoint vc="0" uspid="336" ordinal="2" path="0" offset="125" offsetend="127" sl="336" fileid="1" />
                <BranchPoint vc="0" uspid="336" ordinal="3" path="1" offset="125" offsetend="139" sl="336" fileid="1" />
                <BranchPoint vc="0" uspid="343" ordinal="4" path="0" offset="152" offsetend="154" sl="343" fileid="1" />
                <BranchPoint vc="0" uspid="345" ordinal="7" path="1" offset="201" offsetend="167" sl="345" fileid="1" />
                <BranchPoint vc="0" uspid="345" ordinal="6" path="0" offset="201" offsetend="203" sl="345" fileid="1" />
                <BranchPoint vc="0" uspid="343" ordinal="5" path="1" offset="152" offsetend="204" sl="343" fileid="1" />
                <BranchPoint vc="0" uspid="355" ordinal="8" path="0" offset="210" offsetend="212" sl="355" fileid="1" />
                <BranchPoint vc="0" uspid="355" ordinal="9" path="1" offset="210" offsetend="231" sl="355" fileid="1" />
                <BranchPoint vc="0" uspid="355" ordinal="10" path="0" offset="236" offsetend="238" sl="355" fileid="1" />
                <BranchPoint vc="0" uspid="355" ordinal="11" path="1" offset="236" offsetend="250" sl="355" fileid="1" />
              </BranchPoints>
              <MethodPoint vc="0" uspid="0" p8:type="SequencePoint" ordinal="3" offset="3" sc="0" sl="295" ec="1" el="366" bec="0" bev="0" fileid="1" xmlns:p8="xsi" />
            </Method>
            <Method cyclomaticComplexity="12" nPathComplexity="0" sequenceCoverage="0" branchCoverage="0" isConstructor="False" isGetter="False" isSetter="False" isStatic="True">
              <Summary numSequencePoints="39" visitedSequencePoints="0" numBranchPoints="12" visitedBranchPoints="0" sequenceCoverage="0" branchCoverage="0" maxCyclomaticComplexity="12" minCyclomaticComplexity="12" visitedClasses="0" numClasses="0" visitedMethods="0" numMethods="1" />
              <MetadataToken />
              <Name>AasCore.Aas3.Package.PackageOrException`1&lt;AasCore.Aas3.Package.PackageRead&gt; AasCore.Aas3.Package.Packaging::OpenRead(System.IO.Stream)</Name>
              <FileRef uid="1" />
              <SequencePoints>
                <SequencePoint vc="0" uspid="376" ordinal="0" sl="376" sc="1" el="376" ec="2" bec="0" bev="0" fileid="1" />
                <SequencePoint vc="0" uspid="382" ordinal="1" sl="382" sc="1" el="382" ec="2" bec="0" bev="0" fileid="1" />
                <SequencePoint vc="0" uspid="387" ordinal="2" sl="387" sc="1" el="387" ec="2" bec="0" bev="0" fileid="1" />
                <SequencePoint vc="0" uspid="388" ordinal="3" sl="388" sc="1" el="388" ec="2" bec="0" bev="0" fileid="1" />
                <SequencePoint vc="0" uspid="389" ordinal="4" sl="389" sc="1" el="389" ec="2" bec="0" bev="0" fileid="1" />
                <SequencePoint vc="0" uspid="391" ordinal="5" sl="391" sc="1" el="391" ec="2" bec="0" bev="0" fileid="1" />
                <SequencePoint vc="0" uspid="392" ordinal="6" sl="392" sc="1" el="392" ec="2" bec="2" bev="0" fileid="1" />
                <SequencePoint vc="0" uspid="393" ordinal="7" sl="393" sc="1" el="393" ec="2" bec="0" bev="0" fileid="1" />
                <SequencePoint vc="0" uspid="394" ordinal="8" sl="394" sc="1" el="394" ec="2" bec="0" bev="0" fileid="1" />
                <SequencePoint vc="0" uspid="395" ordinal="9" sl="395" sc="1" el="395" ec="2" bec="0" bev="0" fileid="1" />
                <SequencePoint vc="0" uspid="396" ordinal="10" sl="396" sc="1" el="396" ec="2" bec="0" bev="0" fileid="1" />
                <SequencePoint vc="0" uspid="397" ordinal="11" sl="397" sc="1" el="397" ec="2" bec="0" bev="0" fileid="1" />
                <SequencePoint vc="0" uspid="399" ordinal="12" sl="399" sc="1" el="399" ec="2" bec="0" bev="0" fileid="1" />
                <SequencePoint vc="0" uspid="400" ordinal="13" sl="400" sc="1" el="400" ec="2" bec="0" bev="0" fileid="1" />
                <SequencePoint vc="0" uspid="401" ordinal="14" sl="401" sc="1" el="401" ec="2" bec="0" bev="0" fileid="1" />
                <SequencePoint vc="0" uspid="402" ordinal="15" sl="402" sc="1" el="402" ec="2" bec="0" bev="0" fileid="1" />
                <SequencePoint vc="0" uspid="403" ordinal="16" sl="403" sc="1" el="403" ec="2" bec="0" bev="0" fileid="1" />
                <SequencePoint vc="0" uspid="404" ordinal="17" sl="404" sc="1" el="404" ec="2" bec="0" bev="0" fileid="1" />
                <SequencePoint vc="0" uspid="405" ordinal="18" sl="405" sc="1" el="405" ec="2" bec="0" bev="0" fileid="1" />
                <SequencePoint vc="0" uspid="406" ordinal="19" sl="406" sc="1" el="406" ec="2" bec="0" bev="0" fileid="1" />
                <SequencePoint vc="0" uspid="407" ordinal="20" sl="407" sc="1" el="407" ec="2" bec="0" bev="0" fileid="1" />
                <SequencePoint vc="0" uspid="408" ordinal="21" sl="408" sc="1" el="408" ec="2" bec="0" bev="0" fileid="1" />
                <SequencePoint vc="0" uspid="410" ordinal="22" sl="410" sc="1" el="410" ec="2" bec="2" bev="0" fileid="1" />
                <SequencePoint vc="0" uspid="411" ordinal="23" sl="411" sc="1" el="411" ec="2" bec="0" bev="0" fileid="1" />
                <SequencePoint vc="0" uspid="412" ordinal="24" sl="412" sc="1" el="412" ec="2" bec="0" bev="0" fileid="1" />
                <SequencePoint vc="0" uspid="417" ordinal="25" sl="417" sc="1" el="417" ec="2" bec="2" bev="0" fileid="1" />
                <SequencePoint vc="0" uspid="418" ordinal="26" sl="418" sc="1" el="418" ec="2" bec="0" bev="0" fileid="1" />
                <SequencePoint vc="0" uspid="419" ordinal="27" sl="419" sc="1" el="419" ec="2" bec="2" bev="0" fileid="1" />
                <SequencePoint vc="0" uspid="420" ordinal="28" sl="420" sc="1" el="420" ec="2" bec="0" bev="0" fileid="1" />
                <SequencePoint vc="0" uspid="421" ordinal="29" sl="421" sc="1" el="421" ec="2" bec="0" bev="0" fileid="1" />
                <SequencePoint vc="0" uspid="422" ordinal="30" sl="422" sc="1" el="422" ec="2" bec="0" bev="0" fileid="1" />
                <SequencePoint vc="0" uspid="423" ordinal="31" sl="423" sc="1" el="423" ec="2" bec="0" bev="0" fileid="1" />
                <SequencePoint vc="0" uspid="429" ordinal="32" sl="429" sc="1" el="429" ec="2" bec="4" bev="0" fileid="1" />
                <SequencePoint vc="0" uspid="430" ordinal="33" sl="430" sc="1" el="430" ec="2" bec="0" bev="0" fileid="1" />
                <SequencePoint vc="0" uspid="431" ordinal="34" sl="431" sc="1" el="431" ec="2" bec="0" bev="0" fileid="1" />
                <SequencePoint vc="0" uspid="432" ordinal="35" sl="432" sc="1" el="432" ec="2" bec="0" bev="0" fileid="1" />
                <SequencePoint vc="0" uspid="433" ordinal="36" sl="433" sc="1" el="433" ec="2" bec="0" bev="0" fileid="1" />
                <SequencePoint vc="0" uspid="440" ordinal="37" sl="440" sc="1" el="440" ec="2" bec="0" bev="0" fileid="1" />
                <SequencePoint vc="0" uspid="441" ordinal="38" sl="441" sc="1" el="441" ec="2" bec="0" bev="0" fileid="1" />
              </SequencePoints>
              <BranchPoints>
                <BranchPoint vc="0" uspid="392" ordinal="0" path="0" offset="41" offsetend="43" sl="392" fileid="1" />
                <BranchPoint vc="0" uspid="392" ordinal="1" path="1" offset="41" offsetend="64" sl="392" fileid="1" />
                <BranchPoint vc="0" uspid="410" ordinal="2" path="0" offset="107" offsetend="109" sl="410" fileid="1" />
                <BranchPoint vc="0" uspid="410" ordinal="3" path="1" offset="107" offsetend="121" sl="410" fileid="1" />
                <BranchPoint vc="0" uspid="417" ordinal="4" path="0" offset="134" offsetend="136" sl="417" fileid="1" />
                <BranchPoint vc="0" uspid="419" ordinal="7" path="1" offset="183" offsetend="149" sl="419" fileid="1" />
                <BranchPoint vc="0" uspid="419" ordinal="6" path="0" offset="183" offsetend="185" sl="419" fileid="1" />
                <BranchPoint vc="0" uspid="417" ordinal="5" path="1" offset="134" offsetend="186" sl="417" fileid="1" />
                <BranchPoint vc="0" uspid="429" ordinal="8" path="0" offset="192" offsetend="194" sl="429" fileid="1" />
                <BranchPoint vc="0" uspid="429" ordinal="9" path="1" offset="192" offsetend="210" sl="429" fileid="1" />
                <BranchPoint vc="0" uspid="429" ordinal="10" path="0" offset="215" offsetend="217" sl="429" fileid="1" />
                <BranchPoint vc="0" uspid="429" ordinal="11" path="1" offset="215" offsetend="229" sl="429" fileid="1" />
              </BranchPoints>
              <MethodPoint vc="0" uspid="0" p8:type="SequencePoint" ordinal="4" offset="4" sc="0" sl="376" ec="1" el="441" bec="0" bev="0" fileid="1" xmlns:p8="xsi" />
            </Method>
            <Method cyclomaticComplexity="12" nPathComplexity="0" sequenceCoverage="0" branchCoverage="0" isConstructor="False" isGetter="False" isSetter="False" isStatic="True">
              <Summary numSequencePoints="40" visitedSequencePoints="0" numBranchPoints="12" visitedBranchPoints="0" sequenceCoverage="0" branchCoverage="0" maxCyclomaticComplexity="12" minCyclomaticComplexity="12" visitedClasses="0" numClasses="0" visitedMethods="0" numMethods="1" />
              <MetadataToken />
              <Name>AasCore.Aas3.Package.PackageOrException`1&lt;AasCore.Aas3.Package.PackageReadWrite&gt; AasCore.Aas3.Package.Packaging::OpenReadWrite(System.String)</Name>
              <FileRef uid="1" />
              <SequencePoints>
                <SequencePoint vc="0" uspid="451" ordinal="0" sl="451" sc="1" el="451" ec="2" bec="0" bev="0" fileid="1" />
                <SequencePoint vc="0" uspid="457" ordinal="1" sl="457" sc="1" el="457" ec="2" bec="0" bev="0" fileid="1" />
                <SequencePoint vc="0" uspid="462" ordinal="2" sl="462" sc="1" el="462" ec="2" bec="0" bev="0" fileid="1" />
                <SequencePoint vc="0" uspid="467" ordinal="3" sl="467" sc="1" el="467" ec="2" bec="0" bev="0" fileid="1" />
                <SequencePoint vc="0" uspid="468" ordinal="4" sl="468" sc="1" el="468" ec="2" bec="0" bev="0" fileid="1" />
                <SequencePoint vc="0" uspid="470" ordinal="5" sl="470" sc="1" el="470" ec="2" bec="0" bev="0" fileid="1" />
                <SequencePoint vc="0" uspid="471" ordinal="6" sl="471" sc="1" el="471" ec="2" bec="0" bev="0" fileid="1" />
                <SequencePoint vc="0" uspid="473" ordinal="7" sl="473" sc="1" el="473" ec="2" bec="0" bev="0" fileid="1" />
                <SequencePoint vc="0" uspid="474" ordinal="8" sl="474" sc="1" el="474" ec="2" bec="2" bev="0" fileid="1" />
                <SequencePoint vc="0" uspid="475" ordinal="9" sl="475" sc="1" el="475" ec="2" bec="0" bev="0" fileid="1" />
                <SequencePoint vc="0" uspid="476" ordinal="10" sl="476" sc="1" el="476" ec="2" bec="0" bev="0" fileid="1" />
                <SequencePoint vc="0" uspid="477" ordinal="11" sl="477" sc="1" el="477" ec="2" bec="0" bev="0" fileid="1" />
                <SequencePoint vc="0" uspid="478" ordinal="12" sl="478" sc="1" el="478" ec="2" bec="0" bev="0" fileid="1" />
                <SequencePoint vc="0" uspid="479" ordinal="13" sl="479" sc="1" el="479" ec="2" bec="0" bev="0" fileid="1" />
                <SequencePoint vc="0" uspid="481" ordinal="14" sl="481" sc="1" el="481" ec="2" bec="0" bev="0" fileid="1" />
                <SequencePoint vc="0" uspid="482" ordinal="15" sl="482" sc="1" el="482" ec="2" bec="0" bev="0" fileid="1" />
                <SequencePoint vc="0" uspid="483" ordinal="16" sl="483" sc="1" el="483" ec="2" bec="0" bev="0" fileid="1" />
                <SequencePoint vc="0" uspid="484" ordinal="17" sl="484" sc="1" el="484" ec="2" bec="0" bev="0" fileid="1" />
                <SequencePoint vc="0" uspid="485" ordinal="18" sl="485" sc="1" el="485" ec="2" bec="0" bev="0" fileid="1" />
                <SequencePoint vc="0" uspid="486" ordinal="19" sl="486" sc="1" el="486" ec="2" bec="0" bev="0" fileid="1" />
                <SequencePoint vc="0" uspid="487" ordinal="20" sl="487" sc="1" el="487" ec="2" bec="0" bev="0" fileid="1" />
                <SequencePoint vc="0" uspid="488" ordinal="21" sl="488" sc="1" el="488" ec="2" bec="0" bev="0" fileid="1" />
                <SequencePoint vc="0" uspid="489" ordinal="22" sl="489" sc="1" el="489" ec="2" bec="0" bev="0" fileid="1" />
                <SequencePoint vc="0" uspid="490" ordinal="23" sl="490" sc="1" el="490" ec="2" bec="0" bev="0" fileid="1" />
                <SequencePoint vc="0" uspid="492" ordinal="24" sl="492" sc="1" el="492" ec="2" bec="2" bev="0" fileid="1" />
                <SequencePoint vc="0" uspid="493" ordinal="25" sl="493" sc="1" el="493" ec="2" bec="0" bev="0" fileid="1" />
                <SequencePoint vc="0" uspid="494" ordinal="26" sl="494" sc="1" el="494" ec="2" bec="0" bev="0" fileid="1" />
                <SequencePoint vc="0" uspid="499" ordinal="27" sl="499" sc="1" el="499" ec="2" bec="2" bev="0" fileid="1" />
                <SequencePoint vc="0" uspid="500" ordinal="28" sl="500" sc="1" el="500" ec="2" bec="0" bev="0" fileid="1" />
                <SequencePoint vc="0" uspid="501" ordinal="29" sl="501" sc="1" el="501" ec="2" bec="2" bev="0" fileid="1" />
                <SequencePoint vc="0" uspid="502" ordinal="30" sl="502" sc="1" el="502" ec="2" bec="0" bev="0" fileid="1" />
                <SequencePoint vc="0" uspid="503" ordinal="31" sl="503" sc="1" el="503" ec="2" bec="0" bev="0" fileid="1" />
                <SequencePoint vc="0" uspid="504" ordinal="32" sl="504" sc="1" el="504" ec="2" bec="0" bev="0" fileid="1" />
                <SequencePoint vc="0" uspid="505" ordinal="33" sl="505" sc="1" el="505" ec="2" bec="0" bev="0" fileid="1" />
                <SequencePoint vc="0" uspid="511" ordinal="34" sl="511" sc="1" el="511" ec="2" bec="4" bev="0" fileid="1" />
                <SequencePoint vc="0" uspid="512" ordinal="35" sl="512" sc="1" el="512" ec="2" bec="0" bev="0" fileid="1" />
                <SequencePoint vc="0" uspid="513" ordinal="36" sl="513" sc="1" el="513" ec="2" bec="0" bev="0" fileid="1" />
                <SequencePoint vc="0" uspid="514" ordinal="37" sl="514" sc="1" el="514" ec="2" bec="0" bev="0" fileid="1" />
                <SequencePoint vc="0" uspid="521" ordinal="38" sl="521" sc="1" el="521" ec="2" bec="0" bev="0" fileid="1" />
                <SequencePoint vc="0" uspid="522" ordinal="39" sl="522" sc="1" el="522" ec="2" bec="0" bev="0" fileid="1" />
              </SequencePoints>
              <BranchPoints>
                <BranchPoint vc="0" uspid="474" ordinal="0" path="0" offset="60" offsetend="62" sl="474" fileid="1" />
                <BranchPoint vc="0" uspid="474" ordinal="1" path="1" offset="60" offsetend="83" sl="474" fileid="1" />
                <BranchPoint vc="0" uspid="492" ordinal="2" path="0" offset="127" offsetend="129" sl="492" fileid="1" />
                <BranchPoint vc="0" uspid="492" ordinal="3" path="1" offset="127" offsetend="141" sl="492" fileid="1" />
                <BranchPoint vc="0" uspid="499" ordinal="4" path="0" offset="154" offsetend="156" sl="499" fileid="1" />
                <BranchPoint vc="0" uspid="501" ordinal="7" path="1" offset="203" offsetend="169" sl="501" fileid="1" />
                <BranchPoint vc="0" uspid="501" ordinal="6" path="0" offset="203" offsetend="205" sl="501" fileid="1" />
                <BranchPoint vc="0" uspid="499" ordinal="5" path="1" offset="154" offsetend="206" sl="499" fileid="1" />
                <BranchPoint vc="0" uspid="511" ordinal="8" path="0" offset="212" offsetend="214" sl="511" fileid="1" />
                <BranchPoint vc="0" uspid="511" ordinal="9" path="1" offset="212" offsetend="233" sl="511" fileid="1" />
                <BranchPoint vc="0" uspid="511" ordinal="10" path="0" offset="238" offsetend="240" sl="511" fileid="1" />
                <BranchPoint vc="0" uspid="511" ordinal="11" path="1" offset="238" offsetend="252" sl="511" fileid="1" />
              </BranchPoints>
              <MethodPoint vc="0" uspid="0" p8:type="SequencePoint" ordinal="5" offset="5" sc="0" sl="451" ec="1" el="522" bec="0" bev="0" fileid="1" xmlns:p8="xsi" />
            </Method>
            <Method cyclomaticComplexity="12" nPathComplexity="0" sequenceCoverage="0" branchCoverage="0" isConstructor="False" isGetter="False" isSetter="False" isStatic="True">
              <Summary numSequencePoints="40" visitedSequencePoints="0" numBranchPoints="12" visitedBranchPoints="0" sequenceCoverage="0" branchCoverage="0" maxCyclomaticComplexity="12" minCyclomaticComplexity="12" visitedClasses="0" numClasses="0" visitedMethods="0" numMethods="1" />
              <MetadataToken />
              <Name>AasCore.Aas3.Package.PackageOrException`1&lt;AasCore.Aas3.Package.PackageReadWrite&gt; AasCore.Aas3.Package.Packaging::OpenReadWrite(System.IO.Stream)</Name>
              <FileRef uid="1" />
              <SequencePoints>
                <SequencePoint vc="0" uspid="534" ordinal="0" sl="534" sc="1" el="534" ec="2" bec="0" bev="0" fileid="1" />
                <SequencePoint vc="0" uspid="540" ordinal="1" sl="540" sc="1" el="540" ec="2" bec="0" bev="0" fileid="1" />
                <SequencePoint vc="0" uspid="545" ordinal="2" sl="545" sc="1" el="545" ec="2" bec="0" bev="0" fileid="1" />
                <SequencePoint vc="0" uspid="546" ordinal="3" sl="546" sc="1" el="546" ec="2" bec="0" bev="0" fileid="1" />
                <SequencePoint vc="0" uspid="547" ordinal="4" sl="547" sc="1" el="547" ec="2" bec="0" bev="0" fileid="1" />
                <SequencePoint vc="0" uspid="548" ordinal="5" sl="548" sc="1" el="548" ec="2" bec="0" bev="0" fileid="1" />
                <SequencePoint vc="0" uspid="550" ordinal="6" sl="550" sc="1" el="550" ec="2" bec="0" bev="0" fileid="1" />
                <SequencePoint vc="0" uspid="551" ordinal="7" sl="551" sc="1" el="551" ec="2" bec="2" bev="0" fileid="1" />
                <SequencePoint vc="0" uspid="552" ordinal="8" sl="552" sc="1" el="552" ec="2" bec="0" bev="0" fileid="1" />
                <SequencePoint vc="0" uspid="553" ordinal="9" sl="553" sc="1" el="553" ec="2" bec="0" bev="0" fileid="1" />
                <SequencePoint vc="0" uspid="554" ordinal="10" sl="554" sc="1" el="554" ec="2" bec="0" bev="0" fileid="1" />
                <SequencePoint vc="0" uspid="555" ordinal="11" sl="555" sc="1" el="555" ec="2" bec="0" bev="0" fileid="1" />
                <SequencePoint vc="0" uspid="556" ordinal="12" sl="556" sc="1" el="556" ec="2" bec="0" bev="0" fileid="1" />
                <SequencePoint vc="0" uspid="558" ordinal="13" sl="558" sc="1" el="558" ec="2" bec="0" bev="0" fileid="1" />
                <SequencePoint vc="0" uspid="559" ordinal="14" sl="559" sc="1" el="559" ec="2" bec="0" bev="0" fileid="1" />
                <SequencePoint vc="0" uspid="560" ordinal="15" sl="560" sc="1" el="560" ec="2" bec="0" bev="0" fileid="1" />
                <SequencePoint vc="0" uspid="561" ordinal="16" sl="561" sc="1" el="561" ec="2" bec="0" bev="0" fileid="1" />
                <SequencePoint vc="0" uspid="562" ordinal="17" sl="562" sc="1" el="562" ec="2" bec="0" bev="0" fileid="1" />
                <SequencePoint vc="0" uspid="563" ordinal="18" sl="563" sc="1" el="563" ec="2" bec="0" bev="0" fileid="1" />
                <SequencePoint vc="0" uspid="564" ordinal="19" sl="564" sc="1" el="564" ec="2" bec="0" bev="0" fileid="1" />
                <SequencePoint vc="0" uspid="565" ordinal="20" sl="565" sc="1" el="565" ec="2" bec="0" bev="0" fileid="1" />
                <SequencePoint vc="0" uspid="566" ordinal="21" sl="566" sc="1" el="566" ec="2" bec="0" bev="0" fileid="1" />
                <SequencePoint vc="0" uspid="567" ordinal="22" sl="567" sc="1" el="567" ec="2" bec="0" bev="0" fileid="1" />
                <SequencePoint vc="0" uspid="569" ordinal="23" sl="569" sc="1" el="569" ec="2" bec="2" bev="0" fileid="1" />
                <SequencePoint vc="0" uspid="570" ordinal="24" sl="570" sc="1" el="570" ec="2" bec="0" bev="0" fileid="1" />
                <SequencePoint vc="0" uspid="571" ordinal="25" sl="571" sc="1" el="571" ec="2" bec="0" bev="0" fileid="1" />
                <SequencePoint vc="0" uspid="576" ordinal="26" sl="576" sc="1" el="576" ec="2" bec="2" bev="0" fileid="1" />
                <SequencePoint vc="0" uspid="577" ordinal="27" sl="577" sc="1" el="577" ec="2" bec="0" bev="0" fileid="1" />
                <SequencePoint vc="0" uspid="578" ordinal="28" sl="578" sc="1" el="578" ec="2" bec="2" bev="0" fileid="1" />
                <SequencePoint vc="0" uspid="579" ordinal="29" sl="579" sc="1" el="579" ec="2" bec="0" bev="0" fileid="1" />
                <SequencePoint vc="0" uspid="580" ordinal="30" sl="580" sc="1" el="580" ec="2" bec="0" bev="0" fileid="1" />
                <SequencePoint vc="0" uspid="581" ordinal="31" sl="581" sc="1" el="581" ec="2" bec="0" bev="0" fileid="1" />
                <SequencePoint vc="0" uspid="582" ordinal="32" sl="582" sc="1" el="582" ec="2" bec="0" bev="0" fileid="1" />
                <SequencePoint vc="0" uspid="588" ordinal="33" sl="588" sc="1" el="588" ec="2" bec="4" bev="0" fileid="1" />
                <SequencePoint vc="0" uspid="589" ordinal="34" sl="589" sc="1" el="589" ec="2" bec="0" bev="0" fileid="1" />
                <SequencePoint vc="0" uspid="590" ordinal="35" sl="590" sc="1" el="590" ec="2" bec="0" bev="0" fileid="1" />
                <SequencePoint vc="0" uspid="591" ordinal="36" sl="591" sc="1" el="591" ec="2" bec="0" bev="0" fileid="1" />
                <SequencePoint vc="0" uspid="592" ordinal="37" sl="592" sc="1" el="592" ec="2" bec="0" bev="0" fileid="1" />
                <SequencePoint vc="0" uspid="599" ordinal="38" sl="599" sc="1" el="599" ec="2" bec="0" bev="0" fileid="1" />
                <SequencePoint vc="0" uspid="600" ordinal="39" sl="600" sc="1" el="600" ec="2" bec="0" bev="0" fileid="1" />
              </SequencePoints>
              <BranchPoints>
                <BranchPoint vc="0" uspid="551" ordinal="0" path="0" offset="41" offsetend="43" sl="551" fileid="1" />
                <BranchPoint vc="0" uspid="551" ordinal="1" path="1" offset="41" offsetend="64" sl="551" fileid="1" />
                <BranchPoint vc="0" uspid="569" ordinal="2" path="0" offset="107" offsetend="109" sl="569" fileid="1" />
                <BranchPoint vc="0" uspid="569" ordinal="3" path="1" offset="107" offsetend="121" sl="569" fileid="1" />
                <BranchPoint vc="0" uspid="576" ordinal="4" path="0" offset="134" offsetend="136" sl="576" fileid="1" />
                <BranchPoint vc="0" uspid="578" ordinal="7" path="1" offset="183" offsetend="149" sl="578" fileid="1" />
                <BranchPoint vc="0" uspid="578" ordinal="6" path="0" offset="183" offsetend="185" sl="578" fileid="1" />
                <BranchPoint vc="0" uspid="576" ordinal="5" path="1" offset="134" offsetend="186" sl="576" fileid="1" />
                <BranchPoint vc="0" uspid="588" ordinal="8" path="0" offset="192" offsetend="194" sl="588" fileid="1" />
                <BranchPoint vc="0" uspid="588" ordinal="9" path="1" offset="192" offsetend="210" sl="588" fileid="1" />
                <BranchPoint vc="0" uspid="588" ordinal="10" path="0" offset="215" offsetend="217" sl="588" fileid="1" />
                <BranchPoint vc="0" uspid="588" ordinal="11" path="1" offset="215" offsetend="229" sl="588" fileid="1" />
              </BranchPoints>
              <MethodPoint vc="0" uspid="0" p8:type="SequencePoint" ordinal="6" offset="6" sc="0" sl="534" ec="1" el="600" bec="0" bev="0" fileid="1" xmlns:p8="xsi" />
            </Method>
            <Method cyclomaticComplexity="6" nPathComplexity="0" sequenceCoverage="0" branchCoverage="0" isConstructor="False" isGetter="False" isSetter="False" isStatic="True">
              <Summary numSequencePoints="26" visitedSequencePoints="0" numBranchPoints="6" visitedBranchPoints="0" sequenceCoverage="0" branchCoverage="0" maxCyclomaticComplexity="6" minCyclomaticComplexity="6" visitedClasses="0" numClasses="0" visitedMethods="0" numMethods="1" />
              <MetadataToken />
              <Name>AasCore.Aas3.Package.PackageReadWrite AasCore.Aas3.Package.Packaging::CreatePackage(System.String,System.IO.Packaging.Package,System.Collections.Generic.List`1&lt;System.IDisposable&gt;)</Name>
              <FileRef uid="1" />
              <SequencePoints>
                <SequencePoint vc="0" uspid="612" ordinal="0" sl="612" sc="1" el="612" ec="2" bec="0" bev="0" fileid="1" />
                <SequencePoint vc="0" uspid="613" ordinal="1" sl="613" sc="1" el="613" ec="2" bec="0" bev="0" fileid="1" />
                <SequencePoint vc="0" uspid="614" ordinal="2" sl="614" sc="1" el="614" ec="2" bec="0" bev="0" fileid="1" />
                <SequencePoint vc="0" uspid="615" ordinal="3" sl="615" sc="1" el="615" ec="2" bec="0" bev="0" fileid="1" />
                <SequencePoint vc="0" uspid="616" ordinal="4" sl="616" sc="1" el="616" ec="2" bec="0" bev="0" fileid="1" />
                <SequencePoint vc="0" uspid="618" ordinal="5" sl="618" sc="1" el="618" ec="2" bec="0" bev="0" fileid="1" />
                <SequencePoint vc="0" uspid="619" ordinal="6" sl="619" sc="1" el="619" ec="2" bec="0" bev="0" fileid="1" />
                <SequencePoint vc="0" uspid="620" ordinal="7" sl="620" sc="1" el="620" ec="2" bec="0" bev="0" fileid="1" />
                <SequencePoint vc="0" uspid="621" ordinal="8" sl="621" sc="1" el="621" ec="2" bec="0" bev="0" fileid="1" />
                <SequencePoint vc="0" uspid="623" ordinal="9" sl="623" sc="1" el="623" ec="2" bec="0" bev="0" fileid="1" />
                <SequencePoint vc="0" uspid="624" ordinal="10" sl="624" sc="1" el="624" ec="2" bec="0" bev="0" fileid="1" />
                <SequencePoint vc="0" uspid="626" ordinal="11" sl="626" sc="1" el="626" ec="2" bec="0" bev="0" fileid="1" />
                <SequencePoint vc="0" uspid="632" ordinal="12" sl="632" sc="1" el="632" ec="2" bec="2" bev="0" fileid="1" />
                <SequencePoint vc="0" uspid="633" ordinal="13" sl="633" sc="1" el="633" ec="2" bec="0" bev="0" fileid="1" />
                <SequencePoint vc="0" uspid="634" ordinal="14" sl="634" sc="1" el="634" ec="2" bec="0" bev="0" fileid="1" />
                <SequencePoint vc="0" uspid="635" ordinal="15" sl="635" sc="1" el="635" ec="2" bec="0" bev="0" fileid="1" />
                <SequencePoint vc="0" uspid="638" ordinal="16" sl="638" sc="1" el="638" ec="2" bec="2" bev="0" fileid="1" />
                <SequencePoint vc="0" uspid="639" ordinal="17" sl="639" sc="1" el="639" ec="2" bec="0" bev="0" fileid="1" />
                <SequencePoint vc="0" uspid="640" ordinal="18" sl="640" sc="1" el="640" ec="2" bec="0" bev="0" fileid="1" />
                <SequencePoint vc="0" uspid="641" ordinal="19" sl="641" sc="1" el="641" ec="2" bec="0" bev="0" fileid="1" />
                <SequencePoint vc="0" uspid="644" ordinal="20" sl="644" sc="1" el="644" ec="2" bec="2" bev="0" fileid="1" />
                <SequencePoint vc="0" uspid="645" ordinal="21" sl="645" sc="1" el="645" ec="2" bec="0" bev="0" fileid="1" />
                <SequencePoint vc="0" uspid="646" ordinal="22" sl="646" sc="1" el="646" ec="2" bec="0" bev="0" fileid="1" />
                <SequencePoint vc="0" uspid="647" ordinal="23" sl="647" sc="1" el="647" ec="2" bec="0" bev="0" fileid="1" />
                <SequencePoint vc="0" uspid="654" ordinal="24" sl="654" sc="1" el="654" ec="2" bec="0" bev="0" fileid="1" />
                <SequencePoint vc="0" uspid="655" ordinal="25" sl="655" sc="1" el="655" ec="2" bec="0" bev="0" fileid="1" />
              </SequencePoints>
              <BranchPoints>
                <BranchPoint vc="0" uspid="632" ordinal="0" path="0" offset="107" offsetend="109" sl="632" fileid="1" />
                <BranchPoint vc="0" uspid="632" ordinal="1" path="1" offset="107" offsetend="121" sl="632" fileid="1" />
                <BranchPoint vc="0" uspid="638" ordinal="2" path="0" offset="139" offsetend="141" sl="638" fileid="1" />
                <BranchPoint vc="0" uspid="638" ordinal="3" path="1" offset="139" offsetend="153" sl="638" fileid="1" />
                <BranchPoint vc="0" uspid="644" ordinal="4" path="0" offset="166" offsetend="168" sl="644" fileid="1" />
                <BranchPoint vc="0" uspid="644" ordinal="5" path="1" offset="166" offsetend="180" sl="644" fileid="1" />
              </BranchPoints>
              <MethodPoint vc="0" uspid="0" p8:type="SequencePoint" ordinal="7" offset="7" sc="0" sl="612" ec="1" el="655" bec="0" bev="0" fileid="1" xmlns:p8="xsi" />
            </Method>
          </Methods>
        </Class>
        <Class>
          <Summary numSequencePoints="74" visitedSequencePoints="0" numBranchPoints="20" visitedBranchPoints="0" sequenceCoverage="0" branchCoverage="0" maxCyclomaticComplexity="10" minCyclomaticComplexity="1" visitedClasses="0" numClasses="1" visitedMethods="0" numMethods="7" />
          <FullName>AasCore.Aas3.Package.PackageRead</FullName>
          <Methods>
            <Method cyclomaticComplexity="1" nPathComplexity="0" sequenceCoverage="0" branchCoverage="100" isConstructor="False" isGetter="True" isSetter="False" isStatic="True">
              <Summary numSequencePoints="1" visitedSequencePoints="0" numBranchPoints="0" visitedBranchPoints="0" sequenceCoverage="0" branchCoverage="100" maxCyclomaticComplexity="1" minCyclomaticComplexity="1" visitedClasses="0" numClasses="0" visitedMethods="0" numMethods="1" />
              <MetadataToken />
              <Name>System.String AasCore.Aas3.Package.PackageRead::get_Path()</Name>
              <FileRef uid="1" />
              <SequencePoints>
                <SequencePoint vc="0" uspid="672" ordinal="0" sl="672" sc="1" el="672" ec="2" bec="0" bev="0" fileid="1" />
              </SequencePoints>
              <BranchPoints />
              <MethodPoint vc="0" uspid="0" p8:type="SequencePoint" ordinal="0" offset="0" sc="0" sl="672" ec="1" el="672" bec="0" bev="0" fileid="1" xmlns:p8="xsi" />
            </Method>
            <Method cyclomaticComplexity="4" nPathComplexity="0" sequenceCoverage="0" branchCoverage="0" isConstructor="False" isGetter="False" isSetter="False" isStatic="True">
              <Summary numSequencePoints="11" visitedSequencePoints="0" numBranchPoints="4" visitedBranchPoints="0" sequenceCoverage="0" branchCoverage="0" maxCyclomaticComplexity="4" minCyclomaticComplexity="4" visitedClasses="0" numClasses="0" visitedMethods="0" numMethods="1" />
              <MetadataToken />
              <Name>System.Void AasCore.Aas3.Package.PackageRead::System.IDisposable.Dispose()</Name>
              <FileRef uid="1" />
              <SequencePoints>
                <SequencePoint vc="0" uspid="693" ordinal="0" sl="693" sc="1" el="693" ec="2" bec="0" bev="0" fileid="1" />
                <SequencePoint vc="0" uspid="694" ordinal="1" sl="694" sc="1" el="694" ec="2" bec="2" bev="0" fileid="1" />
                <SequencePoint vc="0" uspid="695" ordinal="2" sl="695" sc="1" el="695" ec="2" bec="0" bev="0" fileid="1" />
                <SequencePoint vc="0" uspid="696" ordinal="3" sl="696" sc="1" el="696" ec="2" bec="2" bev="0" fileid="1" />
                <SequencePoint vc="0" uspid="697" ordinal="4" sl="697" sc="1" el="697" ec="2" bec="0" bev="0" fileid="1" />
                <SequencePoint vc="0" uspid="698" ordinal="5" sl="698" sc="1" el="698" ec="2" bec="0" bev="0" fileid="1" />
                <SequencePoint vc="0" uspid="699" ordinal="6" sl="699" sc="1" el="699" ec="2" bec="0" bev="0" fileid="1" />
                <SequencePoint vc="0" uspid="701" ordinal="7" sl="701" sc="1" el="701" ec="2" bec="0" bev="0" fileid="1" />
                <SequencePoint vc="0" uspid="702" ordinal="8" sl="702" sc="1" el="702" ec="2" bec="0" bev="0" fileid="1" />
                <SequencePoint vc="0" uspid="704" ordinal="9" sl="704" sc="1" el="704" ec="2" bec="0" bev="0" fileid="1" />
                <SequencePoint vc="0" uspid="705" ordinal="10" sl="705" sc="1" el="705" ec="2" bec="0" bev="0" fileid="1" />
              </SequencePoints>
              <BranchPoints>
                <BranchPoint vc="0" uspid="694" ordinal="0" path="0" offset="12" offsetend="14" sl="694" fileid="1" />
                <BranchPoint vc="0" uspid="696" ordinal="3" path="1" offset="64" offsetend="31" sl="696" fileid="1" />
                <BranchPoint vc="0" uspid="696" ordinal="2" path="0" offset="64" offsetend="66" sl="696" fileid="1" />
                <BranchPoint vc="0" uspid="694" ordinal="1" path="1" offset="12" offsetend="74" sl="694" fileid="1" />
              </BranchPoints>
              <MethodPoint vc="0" uspid="0" p8:type="SequencePoint" ordinal="1" offset="1" sc="0" sl="693" ec="1" el="705" bec="0" bev="0" fileid="1" xmlns:p8="xsi" />
            </Method>
            <Method cyclomaticComplexity="10" nPathComplexity="0" sequenceCoverage="0" branchCoverage="0" isConstructor="False" isGetter="False" isSetter="False" isStatic="True">
              <Summary numSequencePoints="29" visitedSequencePoints="0" numBranchPoints="10" visitedBranchPoints="0" sequenceCoverage="0" branchCoverage="0" maxCyclomaticComplexity="10" minCyclomaticComplexity="10" visitedClasses="0" numClasses="0" visitedMethods="0" numMethods="1" />
              <MetadataToken />
              <Name>System.Collections.Generic.IDictionary`2&lt;System.String,System.Collections.Generic.List`1&lt;AasCore.Aas3.Package.Part&gt;&gt; AasCore.Aas3.Package.PackageRead::SpecsByContentType()</Name>
              <FileRef uid="1" />
              <SequencePoints>
                <SequencePoint vc="0" uspid="728" ordinal="0" sl="728" sc="1" el="728" ec="2" bec="0" bev="0" fileid="1" />
                <SequencePoint vc="0" uspid="729" ordinal="1" sl="729" sc="1" el="729" ec="2" bec="0" bev="0" fileid="1" />
                <SequencePoint vc="0" uspid="730" ordinal="2" sl="730" sc="1" el="730" ec="2" bec="2" bev="0" fileid="1" />
                <SequencePoint vc="0" uspid="731" ordinal="3" sl="731" sc="1" el="731" ec="2" bec="0" bev="0" fileid="1" />
                <SequencePoint vc="0" uspid="732" ordinal="4" sl="732" sc="1" el="732" ec="2" bec="2" bev="0" fileid="1" />
                <SequencePoint vc="0" uspid="733" ordinal="5" sl="733" sc="1" el="733" ec="2" bec="0" bev="0" fileid="1" />
                <SequencePoint vc="0" uspid="734" ordinal="6" sl="734" sc="1" el="734" ec="2" bec="0" bev="0" fileid="1" />
                <SequencePoint vc="0" uspid="735" ordinal="7" sl="735" sc="1" el="735" ec="2" bec="0" bev="0" fileid="1" />
                <SequencePoint vc="0" uspid="737" ordinal="8" sl="737" sc="1" el="737" ec="2" bec="0" bev="0" fileid="1" />
                <SequencePoint vc="0" uspid="738" ordinal="9" sl="738" sc="1" el="738" ec="2" bec="0" bev="0" fileid="1" />
                <SequencePoint vc="0" uspid="740" ordinal="10" sl="740" sc="1" el="740" ec="2" bec="2" bev="0" fileid="1" />
                <SequencePoint vc="0" uspid="741" ordinal="11" sl="741" sc="1" el="741" ec="2" bec="0" bev="0" fileid="1" />
                <SequencePoint vc="0" uspid="743" ordinal="12" sl="743" sc="1" el="743" ec="2" bec="0" bev="0" fileid="1" />
                <SequencePoint vc="0" uspid="744" ordinal="13" sl="744" sc="1" el="744" ec="2" bec="0" bev="0" fileid="1" />
                <SequencePoint vc="0" uspid="745" ordinal="14" sl="745" sc="1" el="745" ec="2" bec="0" bev="0" fileid="1" />
                <SequencePoint vc="0" uspid="746" ordinal="15" sl="746" sc="1" el="746" ec="2" bec="0" bev="0" fileid="1" />
                <SequencePoint vc="0" uspid="747" ordinal="16" sl="747" sc="1" el="747" ec="2" bec="0" bev="0" fileid="1" />
                <SequencePoint vc="0" uspid="752" ordinal="17" sl="752" sc="1" el="752" ec="2" bec="2" bev="0" fileid="1" />
                <SequencePoint vc="0" uspid="753" ordinal="18" sl="753" sc="1" el="753" ec="2" bec="0" bev="0" fileid="1" />
                <SequencePoint vc="0" uspid="754" ordinal="19" sl="754" sc="1" el="754" ec="2" bec="0" bev="0" fileid="1" />
                <SequencePoint vc="0" uspid="755" ordinal="20" sl="755" sc="1" el="755" ec="2" bec="0" bev="0" fileid="1" />
                <SequencePoint vc="0" uspid="756" ordinal="21" sl="756" sc="1" el="756" ec="2" bec="0" bev="0" fileid="1" />
                <SequencePoint vc="0" uspid="757" ordinal="22" sl="757" sc="1" el="757" ec="2" bec="0" bev="0" fileid="1" />
                <SequencePoint vc="0" uspid="760" ordinal="23" sl="760" sc="1" el="760" ec="2" bec="2" bev="0" fileid="1" />
                <SequencePoint vc="0" uspid="761" ordinal="24" sl="761" sc="1" el="761" ec="2" bec="0" bev="0" fileid="1" />
                <SequencePoint vc="0" uspid="762" ordinal="25" sl="762" sc="1" el="762" ec="2" bec="0" bev="0" fileid="1" />
                <SequencePoint vc="0" uspid="763" ordinal="26" sl="763" sc="1" el="763" ec="2" bec="0" bev="0" fileid="1" />
                <SequencePoint vc="0" uspid="769" ordinal="27" sl="769" sc="1" el="769" ec="2" bec="0" bev="0" fileid="1" />
                <SequencePoint vc="0" uspid="770" ordinal="28" sl="770" sc="1" el="770" ec="2" bec="0" bev="0" fileid="1" />
              </SequencePoints>
              <BranchPoints>
                <BranchPoint vc="0" uspid="730" ordinal="3" path="1" offset="95" offsetend="22" sl="730" fileid="1" />
                <BranchPoint vc="0" uspid="732" ordinal="0" path="0" offset="47" offsetend="49" sl="732" fileid="1" />
                <BranchPoint vc="0" uspid="732" ordinal="1" path="1" offset="47" offsetend="69" sl="732" fileid="1" />
                <BranchPoint vc="0" uspid="730" ordinal="2" path="0" offset="95" offsetend="97" sl="730" fileid="1" />
                <BranchPoint vc="0" uspid="740" ordinal="5" path="1" offset="189" offsetend="126" sl="740" fileid="1" />
                <BranchPoint vc="0" uspid="740" ordinal="4" path="0" offset="189" offsetend="191" sl="740" fileid="1" />
                <BranchPoint vc="0" uspid="752" ordinal="6" path="0" offset="252" offsetend="254" sl="752" fileid="1" />
                <BranchPoint vc="0" uspid="752" ordinal="7" path="1" offset="252" offsetend="266" sl="752" fileid="1" />
                <BranchPoint vc="0" uspid="760" ordinal="8" path="0" offset="310" offsetend="312" sl="760" fileid="1" />
                <BranchPoint vc="0" uspid="760" ordinal="9" path="1" offset="310" offsetend="324" sl="760" fileid="1" />
              </BranchPoints>
              <MethodPoint vc="0" uspid="0" p8:type="SequencePoint" ordinal="2" offset="2" sc="0" sl="728" ec="1" el="770" bec="0" bev="0" fileid="1" xmlns:p8="xsi" />
            </Method>
            <Method cyclomaticComplexity="2" nPathComplexity="0" sequenceCoverage="0" branchCoverage="0" isConstructor="False" isGetter="False" isSetter="False" isStatic="True">
              <Summary numSequencePoints="6" visitedSequencePoints="0" numBranchPoints="2" visitedBranchPoints="0" sequenceCoverage="0" branchCoverage="0" maxCyclomaticComplexity="2" minCyclomaticComplexity="2" visitedClasses="0" numClasses="0" visitedMethods="0" numMethods="1" />
              <MetadataToken />
              <Name>AasCore.Aas3.Package.Part AasCore.Aas3.Package.PackageRead::FindPart(System.Uri)</Name>
              <FileRef uid="1" />
              <SequencePoints>
                <SequencePoint vc="0" uspid="795" ordinal="0" sl="795" sc="1" el="795" ec="2" bec="0" bev="0" fileid="1" />
                <SequencePoint vc="0" uspid="796" ordinal="1" sl="796" sc="1" el="796" ec="2" bec="2" bev="0" fileid="1" />
                <SequencePoint vc="0" uspid="797" ordinal="2" sl="797" sc="1" el="797" ec="2" bec="0" bev="0" fileid="1" />
                <SequencePoint vc="0" uspid="798" ordinal="3" sl="798" sc="1" el="798" ec="2" bec="0" bev="0" fileid="1" />
                <SequencePoint vc="0" uspid="801" ordinal="4" sl="801" sc="1" el="801" ec="2" bec="0" bev="0" fileid="1" />
                <SequencePoint vc="0" uspid="802" ordinal="5" sl="802" sc="1" el="802" ec="2" bec="0" bev="0" fileid="1" />
              </SequencePoints>
              <BranchPoints>
                <BranchPoint vc="0" uspid="796" ordinal="0" path="0" offset="18" offsetend="20" sl="796" fileid="1" />
                <BranchPoint vc="0" uspid="796" ordinal="1" path="1" offset="18" offsetend="25" sl="796" fileid="1" />
              </BranchPoints>
              <MethodPoint vc="0" uspid="0" p8:type="SequencePoint" ordinal="3" offset="3" sc="0" sl="795" ec="1" el="802" bec="0" bev="0" fileid="1" xmlns:p8="xsi" />
            </Method>
            <Method cyclomaticComplexity="1" nPathComplexity="0" sequenceCoverage="0" branchCoverage="100" isConstructor="False" isGetter="False" isSetter="False" isStatic="True">
              <Summary numSequencePoints="3" visitedSequencePoints="0" numBranchPoints="0" visitedBranchPoints="0" sequenceCoverage="0" branchCoverage="100" maxCyclomaticComplexity="1" minCyclomaticComplexity="1" visitedClasses="0" numClasses="0" visitedMethods="0" numMethods="1" />
              <MetadataToken />
              <Name>AasCore.Aas3.Package.Part AasCore.Aas3.Package.PackageRead::MustPart(System.Uri)</Name>
              <FileRef uid="1" />
              <SequencePoints>
                <SequencePoint vc="0" uspid="813" ordinal="0" sl="813" sc="1" el="813" ec="2" bec="0" bev="0" fileid="1" />
                <SequencePoint vc="0" uspid="814" ordinal="1" sl="814" sc="1" el="814" ec="2" bec="0" bev="0" fileid="1" />
                <SequencePoint vc="0" uspid="815" ordinal="2" sl="815" sc="1" el="815" ec="2" bec="0" bev="0" fileid="1" />
              </SequencePoints>
              <BranchPoints />
              <MethodPoint vc="0" uspid="0" p8:type="SequencePoint" ordinal="4" offset="4" sc="0" sl="813" ec="1" el="815" bec="0" bev="0" fileid="1" xmlns:p8="xsi" />
            </Method>
            <Method cyclomaticComplexity="4" nPathComplexity="0" sequenceCoverage="0" branchCoverage="0" isConstructor="False" isGetter="False" isSetter="False" isStatic="True">
              <Summary numSequencePoints="14" visitedSequencePoints="0" numBranchPoints="4" visitedBranchPoints="0" sequenceCoverage="0" branchCoverage="0" maxCyclomaticComplexity="4" minCyclomaticComplexity="4" visitedClasses="0" numClasses="0" visitedMethods="0" numMethods="1" />
              <MetadataToken />
              <Name>AasCore.Aas3.Package.Part AasCore.Aas3.Package.PackageRead::Thumbnail()</Name>
              <FileRef uid="1" />
              <SequencePoints>
                <SequencePoint vc="0" uspid="822" ordinal="0" sl="822" sc="1" el="822" ec="2" bec="0" bev="0" fileid="1" />
                <SequencePoint vc="0" uspid="823" ordinal="1" sl="823" sc="1" el="823" ec="2" bec="0" bev="0" fileid="1" />
                <SequencePoint vc="0" uspid="825" ordinal="2" sl="825" sc="1" el="825" ec="2" bec="0" bev="0" fileid="1" />
                <SequencePoint vc="0" uspid="826" ordinal="3" sl="826" sc="1" el="826" ec="2" bec="0" bev="0" fileid="1" />
                <SequencePoint vc="0" uspid="828" ordinal="4" sl="828" sc="1" el="828" ec="2" bec="2" bev="0" fileid="1" />
                <SequencePoint vc="0" uspid="829" ordinal="5" sl="829" sc="1" el="829" ec="2" bec="0" bev="0" fileid="1" />
                <SequencePoint vc="0" uspid="830" ordinal="6" sl="830" sc="1" el="830" ec="2" bec="2" bev="0" fileid="1" />
                <SequencePoint vc="0" uspid="831" ordinal="7" sl="831" sc="1" el="831" ec="2" bec="0" bev="0" fileid="1" />
                <SequencePoint vc="0" uspid="832" ordinal="8" sl="832" sc="1" el="832" ec="2" bec="0" bev="0" fileid="1" />
                <SequencePoint vc="0" uspid="833" ordinal="9" sl="833" sc="1" el="833" ec="2" bec="0" bev="0" fileid="1" />
                <SequencePoint vc="0" uspid="834" ordinal="10" sl="834" sc="1" el="834" ec="2" bec="0" bev="0" fileid="1" />
                <SequencePoint vc="0" uspid="836" ordinal="11" sl="836" sc="1" el="836" ec="2" bec="0" bev="0" fileid="1" />
                <SequencePoint vc="0" uspid="838" ordinal="12" sl="838" sc="1" el="838" ec="2" bec="0" bev="0" fileid="1" />
                <SequencePoint vc="0" uspid="839" ordinal="13" sl="839" sc="1" el="839" ec="2" bec="0" bev="0" fileid="1" />
              </SequencePoints>
              <BranchPoints>
                <BranchPoint vc="0" uspid="828" ordinal="3" path="1" offset="104" offsetend="30" sl="828" fileid="1" />
                <BranchPoint vc="0" uspid="830" ordinal="0" path="0" offset="63" offsetend="65" sl="830" fileid="1" />
                <BranchPoint vc="0" uspid="830" ordinal="1" path="1" offset="63" offsetend="97" sl="830" fileid="1" />
                <BranchPoint vc="0" uspid="828" ordinal="2" path="0" offset="104" offsetend="106" sl="828" fileid="1" />
              </BranchPoints>
[...]
                <BranchPoint vc="0" uspid="1225" ordinal="10" path="0" offset="361" offsetend="363" sl="1225" fileid="1" />
                <BranchPoint vc="0" uspid="1247" ordinal="12" path="0" offset="473" offsetend="475" sl="1247" fileid="1" />
                <BranchPoint vc="0" uspid="1247" ordinal="13" path="1" offset="473" offsetend="498" sl="1247" fileid="1" />
                <BranchPoint vc="0" uspid="1253" ordinal="14" path="0" offset="514" offsetend="516" sl="1253" fileid="1" />
                <BranchPoint vc="0" uspid="1253" ordinal="15" path="1" offset="514" offsetend="540" sl="1253" fileid="1" />
                <BranchPoint vc="0" uspid="1259" ordinal="16" path="0" offset="559" offsetend="561" sl="1259" fileid="1" />
                <BranchPoint vc="0" uspid="1259" ordinal="17" path="1" offset="559" offsetend="584" sl="1259" fileid="1" />
                <BranchPoint vc="0" uspid="1265" ordinal="18" path="0" offset="599" offsetend="601" sl="1265" fileid="1" />
                <BranchPoint vc="0" uspid="1265" ordinal="20" path="0" offset="608" offsetend="610" sl="1265" fileid="1" />
                <BranchPoint vc="0" uspid="1265" ordinal="19" path="1" offset="599" offsetend="624" sl="1265" fileid="1" />
                <BranchPoint vc="0" uspid="1265" ordinal="21" path="1" offset="608" offsetend="624" sl="1265" fileid="1" />
                <BranchPoint vc="0" uspid="1265" ordinal="22" path="0" offset="629" offsetend="631" sl="1265" fileid="1" />
                <BranchPoint vc="0" uspid="1265" ordinal="23" path="1" offset="629" offsetend="670" sl="1265" fileid="1" />
                <BranchPoint vc="0" uspid="1275" ordinal="24" path="0" offset="682" offsetend="684" sl="1275" fileid="1" />
                <BranchPoint vc="0" uspid="1275" ordinal="26" path="0" offset="686" offsetend="688" sl="1275" fileid="1" />
                <BranchPoint vc="0" uspid="1275" ordinal="28" path="0" offset="695" offsetend="697" sl="1275" fileid="1" />
                <BranchPoint vc="0" uspid="1275" ordinal="25" path="1" offset="682" offsetend="714" sl="1275" fileid="1" />
                <BranchPoint vc="0" uspid="1275" ordinal="27" path="1" offset="686" offsetend="714" sl="1275" fileid="1" />
                <BranchPoint vc="0" uspid="1275" ordinal="29" path="1" offset="695" offsetend="714" sl="1275" fileid="1" />
                <BranchPoint vc="0" uspid="1275" ordinal="30" path="0" offset="719" offsetend="721" sl="1275" fileid="1" />
                <BranchPoint vc="0" uspid="1275" ordinal="31" path="1" offset="719" offsetend="765" sl="1275" fileid="1" />
              </BranchPoints>
              <MethodPoint vc="0" uspid="0" p8:type="SequencePoint" ordinal="5" offset="5" sc="0" sl="1186" ec="1" el="1288" bec="0" bev="0" fileid="1" xmlns:p8="xsi" />
            </Method>
            <Method cyclomaticComplexity="8" nPathComplexity="0" sequenceCoverage="0" branchCoverage="0" isConstructor="False" isGetter="False" isSetter="False" isStatic="True">
              <Summary numSequencePoints="24" visitedSequencePoints="0" numBranchPoints="8" visitedBranchPoints="0" sequenceCoverage="0" branchCoverage="0" maxCyclomaticComplexity="8" minCyclomaticComplexity="8" visitedClasses="0" numClasses="0" visitedMethods="0" numMethods="1" />
              <MetadataToken />
              <Name>System.Void AasCore.Aas3.Package.PackageReadWrite::RemoveSpec(System.Uri)</Name>
              <FileRef uid="1" />
              <SequencePoints>
                <SequencePoint vc="0" uspid="1302" ordinal="0" sl="1302" sc="1" el="1302" ec="2" bec="0" bev="0" fileid="1" />
                <SequencePoint vc="0" uspid="1303" ordinal="1" sl="1303" sc="1" el="1303" ec="2" bec="2" bev="0" fileid="1" />
                <SequencePoint vc="0" uspid="1304" ordinal="2" sl="1304" sc="1" el="1304" ec="2" bec="0" bev="0" fileid="1" />
                <SequencePoint vc="0" uspid="1305" ordinal="3" sl="1305" sc="1" el="1305" ec="2" bec="0" bev="0" fileid="1" />
                <SequencePoint vc="0" uspid="1306" ordinal="4" sl="1306" sc="1" el="1306" ec="2" bec="0" bev="0" fileid="1" />
                <SequencePoint vc="0" uspid="1307" ordinal="5" sl="1307" sc="1" el="1307" ec="2" bec="0" bev="0" fileid="1" />
                <SequencePoint vc="0" uspid="1309" ordinal="6" sl="1309" sc="1" el="1309" ec="2" bec="2" bev="0" fileid="1" />
                <SequencePoint vc="0" uspid="1310" ordinal="7" sl="1310" sc="1" el="1310" ec="2" bec="0" bev="0" fileid="1" />
                <SequencePoint vc="0" uspid="1311" ordinal="8" sl="1311" sc="1" el="1311" ec="2" bec="0" bev="0" fileid="1" />
                <SequencePoint vc="0" uspid="1312" ordinal="9" sl="1312" sc="1" el="1312" ec="2" bec="0" bev="0" fileid="1" />
                <SequencePoint vc="0" uspid="1314" ordinal="10" sl="1314" sc="1" el="1314" ec="2" bec="0" bev="0" fileid="1" />
                <SequencePoint vc="0" uspid="1315" ordinal="11" sl="1315" sc="1" el="1315" ec="2" bec="0" bev="0" fileid="1" />
                <SequencePoint vc="0" uspid="1316" ordinal="12" sl="1316" sc="1" el="1316" ec="2" bec="0" bev="0" fileid="1" />
                <SequencePoint vc="0" uspid="1317" ordinal="13" sl="1317" sc="1" el="1317" ec="2" bec="0" bev="0" fileid="1" />
                <SequencePoint vc="0" uspid="1322" ordinal="14" sl="1322" sc="1" el="1322" ec="2" bec="2" bev="0" fileid="1" />
                <SequencePoint vc="0" uspid="1323" ordinal="15" sl="1323" sc="1" el="1323" ec="2" bec="0" bev="0" fileid="1" />
                <SequencePoint vc="0" uspid="1324" ordinal="16" sl="1324" sc="1" el="1324" ec="2" bec="0" bev="0" fileid="1" />
                <SequencePoint vc="0" uspid="1325" ordinal="17" sl="1325" sc="1" el="1325" ec="2" bec="0" bev="0" fileid="1" />
                <SequencePoint vc="0" uspid="1330" ordinal="18" sl="1330" sc="1" el="1330" ec="2" bec="2" bev="0" fileid="1" />
                <SequencePoint vc="0" uspid="1331" ordinal="19" sl="1331" sc="1" el="1331" ec="2" bec="0" bev="0" fileid="1" />
                <SequencePoint vc="0" uspid="1332" ordinal="20" sl="1332" sc="1" el="1332" ec="2" bec="0" bev="0" fileid="1" />
                <SequencePoint vc="0" uspid="1333" ordinal="21" sl="1333" sc="1" el="1333" ec="2" bec="0" bev="0" fileid="1" />
                <SequencePoint vc="0" uspid="1339" ordinal="22" sl="1339" sc="1" el="1339" ec="2" bec="0" bev="0" fileid="1" />
                <SequencePoint vc="0" uspid="1340" ordinal="23" sl="1340" sc="1" el="1340" ec="2" bec="0" bev="0" fileid="1" />
              </SequencePoints>
              <BranchPoints>
                <BranchPoint vc="0" uspid="1303" ordinal="0" path="0" offset="33" offsetend="38" sl="1303" fileid="1" />
                <BranchPoint vc="0" uspid="1309" ordinal="2" path="0" offset="79" offsetend="81" sl="1309" fileid="1" />
                <BranchPoint vc="0" uspid="1309" ordinal="3" path="1" offset="79" offsetend="103" sl="1309" fileid="1" />
                <BranchPoint vc="0" uspid="1322" ordinal="4" path="0" offset="162" offsetend="164" sl="1322" fileid="1" />
                <BranchPoint vc="0" uspid="1322" ordinal="5" path="1" offset="162" offsetend="187" sl="1322" fileid="1" />
                <BranchPoint vc="0" uspid="1330" ordinal="6" path="0" offset="214" offsetend="216" sl="1330" fileid="1" />
                <BranchPoint vc="0" uspid="1330" ordinal="7" path="1" offset="214" offsetend="239" sl="1330" fileid="1" />
                <BranchPoint vc="0" uspid="1303" ordinal="1" path="1" offset="33" offsetend="240" sl="1303" fileid="1" />
              </BranchPoints>
              <MethodPoint vc="0" uspid="0" p8:type="SequencePoint" ordinal="6" offset="6" sc="0" sl="1302" ec="1" el="1340" bec="0" bev="0" fileid="1" xmlns:p8="xsi" />
            </Method>
            <Method cyclomaticComplexity="8" nPathComplexity="0" sequenceCoverage="0" branchCoverage="0" isConstructor="False" isGetter="False" isSetter="False" isStatic="True">
              <Summary numSequencePoints="25" visitedSequencePoints="0" numBranchPoints="8" visitedBranchPoints="0" sequenceCoverage="0" branchCoverage="0" maxCyclomaticComplexity="8" minCyclomaticComplexity="8" visitedClasses="0" numClasses="0" visitedMethods="0" numMethods="1" />
              <MetadataToken />
              <Name>System.Void AasCore.Aas3.Package.PackageReadWrite::RemoveSupplementary(System.Uri)</Name>
              <FileRef uid="1" />
              <SequencePoints>
                <SequencePoint vc="0" uspid="1356" ordinal="0" sl="1356" sc="1" el="1356" ec="2" bec="0" bev="0" fileid="1" />
                <SequencePoint vc="0" uspid="1357" ordinal="1" sl="1357" sc="1" el="1357" ec="2" bec="2" bev="0" fileid="1" />
                <SequencePoint vc="0" uspid="1358" ordinal="2" sl="1358" sc="1" el="1358" ec="2" bec="0" bev="0" fileid="1" />
                <SequencePoint vc="0" uspid="1359" ordinal="3" sl="1359" sc="1" el="1359" ec="2" bec="0" bev="0" fileid="1" />
                <SequencePoint vc="0" uspid="1360" ordinal="4" sl="1360" sc="1" el="1360" ec="2" bec="0" bev="0" fileid="1" />
                <SequencePoint vc="0" uspid="1361" ordinal="5" sl="1361" sc="1" el="1361" ec="2" bec="0" bev="0" fileid="1" />
                <SequencePoint vc="0" uspid="1363" ordinal="6" sl="1363" sc="1" el="1363" ec="2" bec="2" bev="0" fileid="1" />
                <SequencePoint vc="0" uspid="1364" ordinal="7" sl="1364" sc="1" el="1364" ec="2" bec="0" bev="0" fileid="1" />
                <SequencePoint vc="0" uspid="1365" ordinal="8" sl="1365" sc="1" el="1365" ec="2" bec="0" bev="0" fileid="1" />
                <SequencePoint vc="0" uspid="1366" ordinal="9" sl="1366" sc="1" el="1366" ec="2" bec="0" bev="0" fileid="1" />
                <SequencePoint vc="0" uspid="1368" ordinal="10" sl="1368" sc="1" el="1368" ec="2" bec="0" bev="0" fileid="1" />
                <SequencePoint vc="0" uspid="1369" ordinal="11" sl="1369" sc="1" el="1369" ec="2" bec="0" bev="0" fileid="1" />
                <SequencePoint vc="0" uspid="1370" ordinal="12" sl="1370" sc="1" el="1370" ec="2" bec="0" bev="0" fileid="1" />
                <SequencePoint vc="0" uspid="1371" ordinal="13" sl="1371" sc="1" el="1371" ec="2" bec="0" bev="0" fileid="1" />
                <SequencePoint vc="0" uspid="1376" ordinal="14" sl="1376" sc="1" el="1376" ec="2" bec="2" bev="0" fileid="1" />
                <SequencePoint vc="0" uspid="1377" ordinal="15" sl="1377" sc="1" el="1377" ec="2" bec="0" bev="0" fileid="1" />
                <SequencePoint vc="0" uspid="1378" ordinal="16" sl="1378" sc="1" el="1378" ec="2" bec="0" bev="0" fileid="1" />
                <SequencePoint vc="0" uspid="1379" ordinal="17" sl="1379" sc="1" el="1379" ec="2" bec="0" bev="0" fileid="1" />
                <SequencePoint vc="0" uspid="1384" ordinal="18" sl="1384" sc="1" el="1384" ec="2" bec="2" bev="0" fileid="1" />
                <SequencePoint vc="0" uspid="1385" ordinal="19" sl="1385" sc="1" el="1385" ec="2" bec="0" bev="0" fileid="1" />
                <SequencePoint vc="0" uspid="1386" ordinal="20" sl="1386" sc="1" el="1386" ec="2" bec="0" bev="0" fileid="1" />
                <SequencePoint vc="0" uspid="1387" ordinal="21" sl="1387" sc="1" el="1387" ec="2" bec="0" bev="0" fileid="1" />
                <SequencePoint vc="0" uspid="1388" ordinal="22" sl="1388" sc="1" el="1388" ec="2" bec="0" bev="0" fileid="1" />
                <SequencePoint vc="0" uspid="1394" ordinal="23" sl="1394" sc="1" el="1394" ec="2" bec="0" bev="0" fileid="1" />
                <SequencePoint vc="0" uspid="1395" ordinal="24" sl="1395" sc="1" el="1395" ec="2" bec="0" bev="0" fileid="1" />
              </SequencePoints>
              <BranchPoints>
                <BranchPoint vc="0" uspid="1357" ordinal="0" path="0" offset="33" offsetend="38" sl="1357" fileid="1" />
                <BranchPoint vc="0" uspid="1363" ordinal="2" path="0" offset="79" offsetend="81" sl="1363" fileid="1" />
                <BranchPoint vc="0" uspid="1363" ordinal="3" path="1" offset="79" offsetend="103" sl="1363" fileid="1" />
                <BranchPoint vc="0" uspid="1376" ordinal="4" path="0" offset="162" offsetend="164" sl="1376" fileid="1" />
                <BranchPoint vc="0" uspid="1376" ordinal="5" path="1" offset="162" offsetend="187" sl="1376" fileid="1" />
                <BranchPoint vc="0" uspid="1384" ordinal="6" path="0" offset="214" offsetend="216" sl="1384" fileid="1" />
                <BranchPoint vc="0" uspid="1384" ordinal="7" path="1" offset="214" offsetend="249" sl="1384" fileid="1" />
                <BranchPoint vc="0" uspid="1357" ordinal="1" path="1" offset="33" offsetend="250" sl="1357" fileid="1" />
              </BranchPoints>
              <MethodPoint vc="0" uspid="0" p8:type="SequencePoint" ordinal="7" offset="7" sc="0" sl="1356" ec="1" el="1395" bec="0" bev="0" fileid="1" xmlns:p8="xsi" />
            </Method>
            <Method cyclomaticComplexity="6" nPathComplexity="0" sequenceCoverage="0" branchCoverage="0" isConstructor="False" isGetter="False" isSetter="False" isStatic="True">
              <Summary numSequencePoints="20" visitedSequencePoints="0" numBranchPoints="6" visitedBranchPoints="0" sequenceCoverage="0" branchCoverage="0" maxCyclomaticComplexity="6" minCyclomaticComplexity="6" visitedClasses="0" numClasses="0" visitedMethods="0" numMethods="1" />
              <MetadataToken />
              <Name>System.Void AasCore.Aas3.Package.PackageReadWrite::RemoveThumbnail()</Name>
              <FileRef uid="1" />
              <SequencePoints>
                <SequencePoint vc="0" uspid="1402" ordinal="0" sl="1402" sc="1" el="1402" ec="2" bec="0" bev="0" fileid="1" />
                <SequencePoint vc="0" uspid="1403" ordinal="1" sl="1403" sc="1" el="1403" ec="2" bec="0" bev="0" fileid="1" />
                <SequencePoint vc="0" uspid="1404" ordinal="2" sl="1404" sc="1" el="1404" ec="2" bec="2" bev="0" fileid="1" />
                <SequencePoint vc="0" uspid="1405" ordinal="3" sl="1405" sc="1" el="1405" ec="2" bec="0" bev="0" fileid="1" />
                <SequencePoint vc="0" uspid="1406" ordinal="4" sl="1406" sc="1" el="1406" ec="2" bec="0" bev="0" fileid="1" />
                <SequencePoint vc="0" uspid="1407" ordinal="5" sl="1407" sc="1" el="1407" ec="2" bec="0" bev="0" fileid="1" />
                <SequencePoint vc="0" uspid="1408" ordinal="6" sl="1408" sc="1" el="1408" ec="2" bec="0" bev="0" fileid="1" />
                <SequencePoint vc="0" uspid="1409" ordinal="7" sl="1409" sc="1" el="1409" ec="2" bec="0" bev="0" fileid="1" />
                <SequencePoint vc="0" uspid="1410" ordinal="8" sl="1410" sc="1" el="1410" ec="2" bec="0" bev="0" fileid="1" />
                <SequencePoint vc="0" uspid="1412" ordinal="9" sl="1412" sc="1" el="1412" ec="2" bec="2" bev="0" fileid="1" />
                <SequencePoint vc="0" uspid="1413" ordinal="10" sl="1413" sc="1" el="1413" ec="2" bec="0" bev="0" fileid="1" />
                <SequencePoint vc="0" uspid="1414" ordinal="11" sl="1414" sc="1" el="1414" ec="2" bec="0" bev="0" fileid="1" />
                <SequencePoint vc="0" uspid="1415" ordinal="12" sl="1415" sc="1" el="1415" ec="2" bec="0" bev="0" fileid="1" />
                <SequencePoint vc="0" uspid="1416" ordinal="13" sl="1416" sc="1" el="1416" ec="2" bec="0" bev="0" fileid="1" />
                <SequencePoint vc="0" uspid="1417" ordinal="14" sl="1417" sc="1" el="1417" ec="2" bec="0" bev="0" fileid="1" />
                <SequencePoint vc="0" uspid="1422" ordinal="15" sl="1422" sc="1" el="1422" ec="2" bec="2" bev="0" fileid="1" />
                <SequencePoint vc="0" uspid="1423" ordinal="16" sl="1423" sc="1" el="1423" ec="2" bec="0" bev="0" fileid="1" />
                <SequencePoint vc="0" uspid="1424" ordinal="17" sl="1424" sc="1" el="1424" ec="2" bec="0" bev="0" fileid="1" />
                <SequencePoint vc="0" uspid="1425" ordinal="18" sl="1425" sc="1" el="1425" ec="2" bec="0" bev="0" fileid="1" />
                <SequencePoint vc="0" uspid="1430" ordinal="19" sl="1430" sc="1" el="1430" ec="2" bec="0" bev="0" fileid="1" />
              </SequencePoints>
              <BranchPoints>
                <BranchPoint vc="0" uspid="1404" ordinal="0" path="0" offset="14" offsetend="19" sl="1404" fileid="1" />
                <BranchPoint vc="0" uspid="1412" ordinal="3" path="1" offset="144" offsetend="88" sl="1412" fileid="1" />
                <BranchPoint vc="0" uspid="1412" ordinal="2" path="0" offset="144" offsetend="146" sl="1412" fileid="1" />
                <BranchPoint vc="0" uspid="1404" ordinal="1" path="1" offset="14" offsetend="164" sl="1404" fileid="1" />
                <BranchPoint vc="0" uspid="1422" ordinal="4" path="0" offset="177" offsetend="179" sl="1422" fileid="1" />
                <BranchPoint vc="0" uspid="1422" ordinal="5" path="1" offset="177" offsetend="191" sl="1422" fileid="1" />
              </BranchPoints>
              <MethodPoint vc="0" uspid="0" p8:type="SequencePoint" ordinal="8" offset="8" sc="0" sl="1402" ec="1" el="1430" bec="0" bev="0" fileid="1" xmlns:p8="xsi" />
            </Method>
            <Method cyclomaticComplexity="1" nPathComplexity="0" sequenceCoverage="0" branchCoverage="100" isConstructor="False" isGetter="False" isSetter="False" isStatic="True">
              <Summary numSequencePoints="3" visitedSequencePoints="0" numBranchPoints="0" visitedBranchPoints="0" sequenceCoverage="0" branchCoverage="100" maxCyclomaticComplexity="1" minCyclomaticComplexity="1" visitedClasses="0" numClasses="0" visitedMethods="0" numMethods="1" />
              <MetadataToken />
              <Name>System.Void AasCore.Aas3.Package.PackageReadWrite::Flush()</Name>
              <FileRef uid="1" />
              <SequencePoints>
                <SequencePoint vc="0" uspid="1436" ordinal="0" sl="1436" sc="1" el="1436" ec="2" bec="0" bev="0" fileid="1" />
                <SequencePoint vc="0" uspid="1437" ordinal="1" sl="1437" sc="1" el="1437" ec="2" bec="0" bev="0" fileid="1" />
                <SequencePoint vc="0" uspid="1438" ordinal="2" sl="1438" sc="1" el="1438" ec="2" bec="0" bev="0" fileid="1" />
              </SequencePoints>
              <BranchPoints />
              <MethodPoint vc="0" uspid="0" p8:type="SequencePoint" ordinal="9" offset="9" sc="0" sl="1436" ec="1" el="1438" bec="0" bev="0" fileid="1" xmlns:p8="xsi" />
            </Method>
            <Method cyclomaticComplexity="1" nPathComplexity="0" sequenceCoverage="0" branchCoverage="100" isConstructor="True" isGetter="False" isSetter="False" isStatic="True">
              <Summary numSequencePoints="3" visitedSequencePoints="0" numBranchPoints="0" visitedBranchPoints="0" sequenceCoverage="0" branchCoverage="100" maxCyclomaticComplexity="1" minCyclomaticComplexity="1" visitedClasses="0" numClasses="0" visitedMethods="0" numMethods="1" />
              <MetadataToken />
              <Name>System.Void AasCore.Aas3.Package.PackageReadWrite::.ctor(System.String,System.IO.Packaging.PackagePart,System.Collections.Generic.List`1&lt;System.IDisposable&gt;)</Name>
              <FileRef uid="1" />
              <SequencePoints>
                <SequencePoint vc="0" uspid="855" ordinal="0" sl="855" sc="1" el="855" ec="2" bec="0" bev="0" fileid="1" />
                <SequencePoint vc="0" uspid="856" ordinal="1" sl="856" sc="1" el="856" ec="2" bec="0" bev="0" fileid="1" />
                <SequencePoint vc="0" uspid="858" ordinal="2" sl="858" sc="1" el="858" ec="2" bec="0" bev="0" fileid="1" />
              </SequencePoints>
              <BranchPoints />
              <MethodPoint vc="0" uspid="0" p8:type="SequencePoint" ordinal="10" offset="10" sc="0" sl="855" ec="1" el="858" bec="0" bev="0" fileid="1" xmlns:p8="xsi" />
            </Method>
          </Methods>
        </Class>
      </Classes>
    </Module>
  </Modules>
</CoverageSession>